02:36:05:119  INFO 36929 --- [nacos-grpc-client-executor-23591] com.alibaba.nacos.common.remote.client   : [6c8af898-0b50-488a-9707-4a9d3b369e5a] Receive server push request, request = ClientDetectionRequest, requestId = 2212
02:36:05:123  INFO 36929 --- [nacos-grpc-client-executor-23591] com.alibaba.nacos.common.remote.client   : [6c8af898-0b50-488a-9707-4a9d3b369e5a] Ack server push request, request = ClientDetectionRequest, requestId = 2212
02:52:17:690  INFO 36929 --- [nacos-grpc-client-executor-23605] com.alibaba.nacos.common.remote.client   : [6c8af898-0b50-488a-9707-4a9d3b369e5a] Receive server push request, request = ClientDetectionRequest, requestId = 2215
02:52:17:691  INFO 36929 --- [nacos-grpc-client-executor-23605] com.alibaba.nacos.common.remote.client   : [6c8af898-0b50-488a-9707-4a9d3b369e5a] Ack server push request, request = ClientDetectionRequest, requestId = 2215
03:12:05:268  INFO 36929 --- [nacos-grpc-client-executor-23658] com.alibaba.nacos.common.remote.client   : [6c8af898-0b50-488a-9707-4a9d3b369e5a] Receive server push request, request = ClientDetectionRequest, requestId = 2223
03:12:05:269  INFO 36929 --- [nacos-grpc-client-executor-23658] com.alibaba.nacos.common.remote.client   : [6c8af898-0b50-488a-9707-4a9d3b369e5a] Ack server push request, request = ClientDetectionRequest, requestId = 2223
03:41:18:619  INFO 36929 --- [nacos-grpc-client-executor-23880] com.alibaba.nacos.common.remote.client   : [6c8af898-0b50-488a-9707-4a9d3b369e5a] Receive server push request, request = ClientDetectionRequest, requestId = 2231
03:41:18:621  INFO 36929 --- [nacos-grpc-client-executor-23880] com.alibaba.nacos.common.remote.client   : [6c8af898-0b50-488a-9707-4a9d3b369e5a] Ack server push request, request = ClientDetectionRequest, requestId = 2231
03:57:01:039  INFO 36929 --- [nacos-grpc-client-executor-23888] com.alibaba.nacos.common.remote.client   : [6c8af898-0b50-488a-9707-4a9d3b369e5a] Receive server push request, request = ClientDetectionRequest, requestId = 2239
03:57:01:040  INFO 36929 --- [nacos-grpc-client-executor-23888] com.alibaba.nacos.common.remote.client   : [6c8af898-0b50-488a-9707-4a9d3b369e5a] Ack server push request, request = ClientDetectionRequest, requestId = 2239
04:13:50:024  INFO 36929 --- [nacos-grpc-client-executor-23901] com.alibaba.nacos.common.remote.client   : [6c8af898-0b50-488a-9707-4a9d3b369e5a] Receive server push request, request = ClientDetectionRequest, requestId = 2252
04:13:50:025  INFO 36929 --- [nacos-grpc-client-executor-23901] com.alibaba.nacos.common.remote.client   : [6c8af898-0b50-488a-9707-4a9d3b369e5a] Ack server push request, request = ClientDetectionRequest, requestId = 2252
05:40:41:034  INFO 36929 --- [nacos-grpc-client-executor-24433] com.alibaba.nacos.common.remote.client   : [6c8af898-0b50-488a-9707-4a9d3b369e5a] Receive server push request, request = ClientDetectionRequest, requestId = 2261
05:40:41:035  INFO 36929 --- [nacos-grpc-client-executor-24433] com.alibaba.nacos.common.remote.client   : [6c8af898-0b50-488a-9707-4a9d3b369e5a] Ack server push request, request = ClientDetectionRequest, requestId = 2261
05:57:27:267  INFO 36929 --- [nacos-grpc-client-executor-24445] com.alibaba.nacos.common.remote.client   : [6c8af898-0b50-488a-9707-4a9d3b369e5a] Receive server push request, request = ClientDetectionRequest, requestId = 2264
05:57:27:267  INFO 36929 --- [nacos-grpc-client-executor-24445] com.alibaba.nacos.common.remote.client   : [6c8af898-0b50-488a-9707-4a9d3b369e5a] Ack server push request, request = ClientDetectionRequest, requestId = 2264
06:44:08:785  INFO 36929 --- [nacos-grpc-client-executor-24484] com.alibaba.nacos.common.remote.client   : [6c8af898-0b50-488a-9707-4a9d3b369e5a] Receive server push request, request = ClientDetectionRequest, requestId = 2277
06:44:08:786  INFO 36929 --- [nacos-grpc-client-executor-24484] com.alibaba.nacos.common.remote.client   : [6c8af898-0b50-488a-9707-4a9d3b369e5a] Ack server push request, request = ClientDetectionRequest, requestId = 2277
08:01:22:569  INFO 36929 --- [nacos-grpc-client-executor-25268] com.alibaba.nacos.common.remote.client   : [6c8af898-0b50-488a-9707-4a9d3b369e5a] Receive server push request, request = ClientDetectionRequest, requestId = 2285
08:01:22:570  INFO 36929 --- [nacos-grpc-client-executor-25268] com.alibaba.nacos.common.remote.client   : [6c8af898-0b50-488a-9707-4a9d3b369e5a] Ack server push request, request = ClientDetectionRequest, requestId = 2285
08:18:50:900  INFO 36929 --- [nacos-grpc-client-executor-25279] com.alibaba.nacos.common.remote.client   : [6c8af898-0b50-488a-9707-4a9d3b369e5a] Receive server push request, request = ClientDetectionRequest, requestId = 2293
08:18:50:901  INFO 36929 --- [nacos-grpc-client-executor-25279] com.alibaba.nacos.common.remote.client   : [6c8af898-0b50-488a-9707-4a9d3b369e5a] Ack server push request, request = ClientDetectionRequest, requestId = 2293
08:28:15:110  INFO 36929 --- [nacos-grpc-client-executor-25292] com.alibaba.nacos.common.remote.client   : [6c8af898-0b50-488a-9707-4a9d3b369e5a] Receive server push request, request = ClientDetectionRequest, requestId = 2301
08:28:15:111  INFO 36929 --- [nacos-grpc-client-executor-25292] com.alibaba.nacos.common.remote.client   : [6c8af898-0b50-488a-9707-4a9d3b369e5a] Ack server push request, request = ClientDetectionRequest, requestId = 2301
08:46:10:243  INFO 36929 --- [nacos-grpc-client-executor-25318] com.alibaba.nacos.common.remote.client   : [6c8af898-0b50-488a-9707-4a9d3b369e5a] Receive server push request, request = ClientDetectionRequest, requestId = 2309
08:46:10:244  INFO 36929 --- [nacos-grpc-client-executor-25318] com.alibaba.nacos.common.remote.client   : [6c8af898-0b50-488a-9707-4a9d3b369e5a] Ack server push request, request = ClientDetectionRequest, requestId = 2309
09:01:52:230  INFO 36929 --- [nacos-grpc-client-executor-25325] com.alibaba.nacos.common.remote.client   : [6c8af898-0b50-488a-9707-4a9d3b369e5a] Receive server push request, request = ClientDetectionRequest, requestId = 2317
09:01:52:230  INFO 36929 --- [nacos-grpc-client-executor-25325] com.alibaba.nacos.common.remote.client   : [6c8af898-0b50-488a-9707-4a9d3b369e5a] Ack server push request, request = ClientDetectionRequest, requestId = 2317
09:19:57:167  INFO 36929 --- [nacos-grpc-client-executor-25364] com.alibaba.nacos.common.remote.client   : [6c8af898-0b50-488a-9707-4a9d3b369e5a] Receive server push request, request = ClientDetectionRequest, requestId = 2324
09:19:57:168  INFO 36929 --- [nacos-grpc-client-executor-25364] com.alibaba.nacos.common.remote.client   : [6c8af898-0b50-488a-9707-4a9d3b369e5a] Ack server push request, request = ClientDetectionRequest, requestId = 2324
09:29:15:719  INFO 36929 --- [nacos-grpc-client-executor-25396] com.alibaba.nacos.common.remote.client   : [6c8af898-0b50-488a-9707-4a9d3b369e5a] Receive server push request, request = ClientDetectionRequest, requestId = 2330
09:29:15:720  INFO 36929 --- [nacos-grpc-client-executor-25396] com.alibaba.nacos.common.remote.client   : [6c8af898-0b50-488a-9707-4a9d3b369e5a] Ack server push request, request = ClientDetectionRequest, requestId = 2330
09:47:05:615  INFO 36929 --- [nacos-grpc-client-executor-25416] com.alibaba.nacos.common.remote.client   : [6c8af898-0b50-488a-9707-4a9d3b369e5a] Receive server push request, request = ClientDetectionRequest, requestId = 2336
09:47:05:617  INFO 36929 --- [nacos-grpc-client-executor-25416] com.alibaba.nacos.common.remote.client   : [6c8af898-0b50-488a-9707-4a9d3b369e5a] Ack server push request, request = ClientDetectionRequest, requestId = 2336
10:05:14:330  INFO 36929 --- [nacos-grpc-client-executor-25448] com.alibaba.nacos.common.remote.client   : [6c8af898-0b50-488a-9707-4a9d3b369e5a] Receive server push request, request = ClientDetectionRequest, requestId = 2341
10:05:14:331  INFO 36929 --- [nacos-grpc-client-executor-25448] com.alibaba.nacos.common.remote.client   : [6c8af898-0b50-488a-9707-4a9d3b369e5a] Ack server push request, request = ClientDetectionRequest, requestId = 2341
10:22:11:636  INFO 36929 --- [nacos-grpc-client-executor-25460] com.alibaba.nacos.common.remote.client   : [6c8af898-0b50-488a-9707-4a9d3b369e5a] Receive server push request, request = ClientDetectionRequest, requestId = 2346
10:22:11:637  INFO 36929 --- [nacos-grpc-client-executor-25460] com.alibaba.nacos.common.remote.client   : [6c8af898-0b50-488a-9707-4a9d3b369e5a] Ack server push request, request = ClientDetectionRequest, requestId = 2346
10:30:21:047  INFO 36929 --- [nacos-grpc-client-executor-25494] com.alibaba.nacos.common.remote.client   : [6c8af898-0b50-488a-9707-4a9d3b369e5a] Receive server push request, request = ClientDetectionRequest, requestId = 2355
10:30:21:049  INFO 36929 --- [nacos-grpc-client-executor-25494] com.alibaba.nacos.common.remote.client   : [6c8af898-0b50-488a-9707-4a9d3b369e5a] Ack server push request, request = ClientDetectionRequest, requestId = 2355
10:48:30:471  INFO 36929 --- [nacos-grpc-client-executor-25513] com.alibaba.nacos.common.remote.client   : [6c8af898-0b50-488a-9707-4a9d3b369e5a] Receive server push request, request = ClientDetectionRequest, requestId = 2361
10:48:30:471  INFO 36929 --- [nacos-grpc-client-executor-25513] com.alibaba.nacos.common.remote.client   : [6c8af898-0b50-488a-9707-4a9d3b369e5a] Ack server push request, request = ClientDetectionRequest, requestId = 2361
11:06:53:563  INFO 36929 --- [nacos-grpc-client-executor-25543] com.alibaba.nacos.common.remote.client   : [6c8af898-0b50-488a-9707-4a9d3b369e5a] Receive server push request, request = ClientDetectionRequest, requestId = 2364
11:06:53:564  INFO 36929 --- [nacos-grpc-client-executor-25543] com.alibaba.nacos.common.remote.client   : [6c8af898-0b50-488a-9707-4a9d3b369e5a] Ack server push request, request = ClientDetectionRequest, requestId = 2364
11:25:35:352  INFO 36929 --- [nacos-grpc-client-executor-25584] com.alibaba.nacos.common.remote.client   : [6c8af898-0b50-488a-9707-4a9d3b369e5a] Receive server push request, request = ClientDetectionRequest, requestId = 2367
11:25:35:353  INFO 36929 --- [nacos-grpc-client-executor-25584] com.alibaba.nacos.common.remote.client   : [6c8af898-0b50-488a-9707-4a9d3b369e5a] Ack server push request, request = ClientDetectionRequest, requestId = 2367
11:31:19:332  INFO 36929 --- [nacos-grpc-client-executor-25614] com.alibaba.nacos.common.remote.client   : [6c8af898-0b50-488a-9707-4a9d3b369e5a] Receive server push request, request = ClientDetectionRequest, requestId = 2375
11:31:19:333  INFO 36929 --- [nacos-grpc-client-executor-25614] com.alibaba.nacos.common.remote.client   : [6c8af898-0b50-488a-9707-4a9d3b369e5a] Ack server push request, request = ClientDetectionRequest, requestId = 2375
11:48:57:664  INFO 36929 --- [nacos-grpc-client-executor-25647] com.alibaba.nacos.common.remote.client   : [6c8af898-0b50-488a-9707-4a9d3b369e5a] Receive server push request, request = ClientDetectionRequest, requestId = 2383
11:48:57:665  INFO 36929 --- [nacos-grpc-client-executor-25647] com.alibaba.nacos.common.remote.client   : [6c8af898-0b50-488a-9707-4a9d3b369e5a] Ack server push request, request = ClientDetectionRequest, requestId = 2383
12:08:11:406  INFO 36929 --- [nacos-grpc-client-executor-25679] com.alibaba.nacos.common.remote.client   : [6c8af898-0b50-488a-9707-4a9d3b369e5a] Receive server push request, request = ClientDetectionRequest, requestId = 2391
12:08:11:408  INFO 36929 --- [nacos-grpc-client-executor-25679] com.alibaba.nacos.common.remote.client   : [6c8af898-0b50-488a-9707-4a9d3b369e5a] Ack server push request, request = ClientDetectionRequest, requestId = 2391
12:24:29:071  INFO 36929 --- [nacos-grpc-client-executor-25715] com.alibaba.nacos.common.remote.client   : [6c8af898-0b50-488a-9707-4a9d3b369e5a] Receive server push request, request = ClientDetectionRequest, requestId = 2400
12:24:29:071  INFO 36929 --- [nacos-grpc-client-executor-25715] com.alibaba.nacos.common.remote.client   : [6c8af898-0b50-488a-9707-4a9d3b369e5a] Ack server push request, request = ClientDetectionRequest, requestId = 2400
13:46:05:029  INFO 36929 --- [nacos-grpc-client-executor-26590] com.alibaba.nacos.common.remote.client   : [6c8af898-0b50-488a-9707-4a9d3b369e5a] Receive server push request, request = ClientDetectionRequest, requestId = 2409
13:46:05:030  INFO 36929 --- [nacos-grpc-client-executor-26590] com.alibaba.nacos.common.remote.client   : [6c8af898-0b50-488a-9707-4a9d3b369e5a] Ack server push request, request = ClientDetectionRequest, requestId = 2409
14:05:15:338  INFO 36929 --- [nacos-grpc-client-executor-26623] com.alibaba.nacos.common.remote.client   : [6c8af898-0b50-488a-9707-4a9d3b369e5a] Receive server push request, request = ClientDetectionRequest, requestId = 2417
14:05:15:341  INFO 36929 --- [nacos-grpc-client-executor-26623] com.alibaba.nacos.common.remote.client   : [6c8af898-0b50-488a-9707-4a9d3b369e5a] Ack server push request, request = ClientDetectionRequest, requestId = 2417
14:14:35:459  INFO 36929 --- [nacos-grpc-client-executor-26664] com.alibaba.nacos.common.remote.client   : [6c8af898-0b50-488a-9707-4a9d3b369e5a] Receive server push request, request = ClientDetectionRequest, requestId = 2425
14:14:35:460  INFO 36929 --- [nacos-grpc-client-executor-26664] com.alibaba.nacos.common.remote.client   : [6c8af898-0b50-488a-9707-4a9d3b369e5a] Ack server push request, request = ClientDetectionRequest, requestId = 2425
14:19:11:949  INFO 36929 --- [nacos-grpc-client-executor-26703] com.alibaba.nacos.common.remote.client   : [6c8af898-0b50-488a-9707-4a9d3b369e5a] Receive server push request, request = ClientDetectionRequest, requestId = 2433
14:19:11:952  INFO 36929 --- [nacos-grpc-client-executor-26703] com.alibaba.nacos.common.remote.client   : [6c8af898-0b50-488a-9707-4a9d3b369e5a] Ack server push request, request = ClientDetectionRequest, requestId = 2433
14:36:05:403  INFO 36929 --- [nacos-grpc-client-executor-26715] com.alibaba.nacos.common.remote.client   : [6c8af898-0b50-488a-9707-4a9d3b369e5a] Receive server push request, request = ClientDetectionRequest, requestId = 2440
14:36:05:405  INFO 36929 --- [nacos-grpc-client-executor-26715] com.alibaba.nacos.common.remote.client   : [6c8af898-0b50-488a-9707-4a9d3b369e5a] Ack server push request, request = ClientDetectionRequest, requestId = 2440
14:54:03:816  INFO 36929 --- [nacos-grpc-client-executor-26722] com.alibaba.nacos.common.remote.client   : [6c8af898-0b50-488a-9707-4a9d3b369e5a] Receive server push request, request = ClientDetectionRequest, requestId = 2448
14:54:03:817  INFO 36929 --- [nacos-grpc-client-executor-26722] com.alibaba.nacos.common.remote.client   : [6c8af898-0b50-488a-9707-4a9d3b369e5a] Ack server push request, request = ClientDetectionRequest, requestId = 2448
15:12:27:090  INFO 36929 --- [nacos-grpc-client-executor-26761] com.alibaba.nacos.common.remote.client   : [6c8af898-0b50-488a-9707-4a9d3b369e5a] Receive server push request, request = ClientDetectionRequest, requestId = 2456
15:12:27:091  INFO 36929 --- [nacos-grpc-client-executor-26761] com.alibaba.nacos.common.remote.client   : [6c8af898-0b50-488a-9707-4a9d3b369e5a] Ack server push request, request = ClientDetectionRequest, requestId = 2456
15:20:28:493  INFO 36929 --- [nacos-grpc-client-executor-26793] com.alibaba.nacos.common.remote.client   : [6c8af898-0b50-488a-9707-4a9d3b369e5a] Receive server push request, request = ClientDetectionRequest, requestId = 2463
15:20:28:494  INFO 36929 --- [nacos-grpc-client-executor-26793] com.alibaba.nacos.common.remote.client   : [6c8af898-0b50-488a-9707-4a9d3b369e5a] Ack server push request, request = ClientDetectionRequest, requestId = 2463
20:28:21:255  INFO 36929 --- [nacos-grpc-client-executor-30625] com.alibaba.nacos.common.remote.client   : [6c8af898-0b50-488a-9707-4a9d3b369e5a] Receive server push request, request = ClientDetectionRequest, requestId = 2493
20:28:21:260  INFO 36929 --- [nacos-grpc-client-executor-30625] com.alibaba.nacos.common.remote.client   : [6c8af898-0b50-488a-9707-4a9d3b369e5a] Ack server push request, request = ClientDetectionRequest, requestId = 2493
20:45:30:427  INFO 36929 --- [nacos-grpc-client-executor-30638] com.alibaba.nacos.common.remote.client   : [6c8af898-0b50-488a-9707-4a9d3b369e5a] Receive server push request, request = ClientDetectionRequest, requestId = 2501
20:45:30:427  INFO 36929 --- [nacos-grpc-client-executor-30638] com.alibaba.nacos.common.remote.client   : [6c8af898-0b50-488a-9707-4a9d3b369e5a] Ack server push request, request = ClientDetectionRequest, requestId = 2501
20:45:30:435 ERROR 36929 --- [nacos-grpc-client-executor-30639] c.a.n.c.remote.client.grpc.GrpcClient    : [1745665991656_192.168.65.1_47625]Request stream onCompleted, switch server
20:45:30:435  INFO 36929 --- [com.alibaba.nacos.client.remote.worker] com.alibaba.nacos.common.remote.client   : [6c8af898-0b50-488a-9707-4a9d3b369e5a] Try to reconnect to a new server, server is  not appointed, will choose a random server.
20:45:30:560  INFO 36929 --- [com.alibaba.nacos.client.remote.worker] com.alibaba.nacos.common.remote.client   : [6c8af898-0b50-488a-9707-4a9d3b369e5a] Success to connect a server [localhost:8848], connectionId = 1745811930447_192.168.65.1_43848
20:45:30:560  INFO 36929 --- [com.alibaba.nacos.client.remote.worker] com.alibaba.nacos.common.remote.client   : [6c8af898-0b50-488a-9707-4a9d3b369e5a] Abandon prev connection, server is localhost:8848, connectionId is 1745665991656_192.168.65.1_47625
20:45:30:560  INFO 36929 --- [com.alibaba.nacos.client.remote.worker] com.alibaba.nacos.common.remote.client   : Close current connection 1745665991656_192.168.65.1_47625
20:45:30:561  INFO 36929 --- [com.alibaba.nacos.client.remote.worker] com.alibaba.nacos.common.remote.client   : [6c8af898-0b50-488a-9707-4a9d3b369e5a] Notify disconnected event to listeners
20:45:30:562  INFO 36929 --- [com.alibaba.nacos.client.remote.worker] com.alibaba.nacos.common.remote.client   : [6c8af898-0b50-488a-9707-4a9d3b369e5a] Notify connected event to listeners.
20:45:32:039  INFO 36929 --- [nacos-grpc-client-executor-30648] com.alibaba.nacos.common.remote.client   : [6c8af898-0b50-488a-9707-4a9d3b369e5a] Receive server push request, request = NotifySubscriberRequest, requestId = 2504
20:45:32:040  INFO 36929 --- [nacos-grpc-client-executor-30648] com.alibaba.nacos.common.remote.client   : [6c8af898-0b50-488a-9707-4a9d3b369e5a] Ack server push request, request = NotifySubscriberRequest, requestId = 2504
21:02:36:341  INFO 36929 --- [nacos-grpc-client-executor-30659] com.alibaba.nacos.common.remote.client   : [6c8af898-0b50-488a-9707-4a9d3b369e5a] Receive server push request, request = ClientDetectionRequest, requestId = 2514
21:02:36:341  INFO 36929 --- [nacos-grpc-client-executor-30659] com.alibaba.nacos.common.remote.client   : [6c8af898-0b50-488a-9707-4a9d3b369e5a] Ack server push request, request = ClientDetectionRequest, requestId = 2514
21:20:40:010  INFO 36929 --- [nacos-grpc-client-executor-30692] com.alibaba.nacos.common.remote.client   : [6c8af898-0b50-488a-9707-4a9d3b369e5a] Receive server push request, request = ClientDetectionRequest, requestId = 2527
21:20:40:011  INFO 36929 --- [nacos-grpc-client-executor-30692] com.alibaba.nacos.common.remote.client   : [6c8af898-0b50-488a-9707-4a9d3b369e5a] Ack server push request, request = ClientDetectionRequest, requestId = 2527
21:38:57:914  INFO 36929 --- [nacos-grpc-client-executor-30706] com.alibaba.nacos.common.remote.client   : [6c8af898-0b50-488a-9707-4a9d3b369e5a] Receive server push request, request = ClientDetectionRequest, requestId = 2535
21:38:57:914  INFO 36929 --- [nacos-grpc-client-executor-30706] com.alibaba.nacos.common.remote.client   : [6c8af898-0b50-488a-9707-4a9d3b369e5a] Ack server push request, request = ClientDetectionRequest, requestId = 2535
21:55:58:133  INFO 36929 --- [nacos-grpc-client-executor-30727] com.alibaba.nacos.common.remote.client   : [6c8af898-0b50-488a-9707-4a9d3b369e5a] Receive server push request, request = ClientDetectionRequest, requestId = 2543
21:55:58:134  INFO 36929 --- [nacos-grpc-client-executor-30727] com.alibaba.nacos.common.remote.client   : [6c8af898-0b50-488a-9707-4a9d3b369e5a] Ack server push request, request = ClientDetectionRequest, requestId = 2543
