00:10:33:220  WARN 26070 --- [HikariPool-1 housekeeper] com.zaxxer.hikari.pool.HikariPool        : HikariPool-1 - Thread starvation or clock leap detected (housekeeper delta=3m9s525ms).
00:11:55:030  WARN 26070 --- [HikariPool-1 housekeeper] com.zaxxer.hikari.pool.HikariPool        : HikariPool-1 - Thread starvation or clock leap detected (housekeeper delta=51s799ms).
00:28:03:075  INFO 26070 --- [nacos-grpc-client-executor-13963] com.alibaba.nacos.common.remote.client   : [4839b734-a5c0-41fa-bd1e-c260df84b32e] Receive server push request, request = NotifySubscriberRequest, requestId = 1088
00:28:03:080  INFO 26070 --- [nacos-grpc-client-executor-13963] com.alibaba.nacos.common.remote.client   : [4839b734-a5c0-41fa-bd1e-c260df84b32e] Ack server push request, request = NotifySubscriberRequest, requestId = 1088
00:28:05:967  INFO 26070 --- [nacos-grpc-client-executor-13964] com.alibaba.nacos.common.remote.client   : [4839b734-a5c0-41fa-bd1e-c260df84b32e] Receive server push request, request = NotifySubscriberRequest, requestId = 1091
00:28:05:969  INFO 26070 --- [nacos-grpc-client-executor-13964] com.alibaba.nacos.common.remote.client   : [4839b734-a5c0-41fa-bd1e-c260df84b32e] Ack server push request, request = NotifySubscriberRequest, requestId = 1091
00:28:07:113  WARN 26070 --- [HikariPool-1 housekeeper] com.zaxxer.hikari.pool.HikariPool        : HikariPool-1 - Thread starvation or clock leap detected (housekeeper delta=16m12s84ms).
00:31:42:014  INFO 26070 --- [nacos-grpc-client-executor-13995] com.alibaba.nacos.common.remote.client   : [4839b734-a5c0-41fa-bd1e-c260df84b32e] Receive server push request, request = ClientDetectionRequest, requestId = 1097
00:31:42:015  INFO 26070 --- [nacos-grpc-client-executor-13995] com.alibaba.nacos.common.remote.client   : [4839b734-a5c0-41fa-bd1e-c260df84b32e] Ack server push request, request = ClientDetectionRequest, requestId = 1097
00:31:46:479  WARN 26070 --- [HikariPool-1 housekeeper] com.zaxxer.hikari.pool.HikariPool        : HikariPool-1 - Thread starvation or clock leap detected (housekeeper delta=1m39s334ms).
13:58:13:034  INFO 26070 --- [nacos-grpc-client-executor-22838] com.alibaba.nacos.common.remote.client   : [a0fc148b-c937-4f98-876f-50b4c2b1459d_config-0] Receive server push request, request = ClientDetectionRequest, requestId = 1107
13:58:13:054  INFO 26070 --- [nacos-grpc-client-executor-22838] com.alibaba.nacos.common.remote.client   : [a0fc148b-c937-4f98-876f-50b4c2b1459d_config-0] Ack server push request, request = ClientDetectionRequest, requestId = 1107
13:58:13:037  INFO 26070 --- [nacos-grpc-client-executor-24369] com.alibaba.nacos.common.remote.client   : [4839b734-a5c0-41fa-bd1e-c260df84b32e] Receive server push request, request = ClientDetectionRequest, requestId = 1104
13:58:13:056  INFO 26070 --- [nacos-grpc-client-executor-24369] com.alibaba.nacos.common.remote.client   : [4839b734-a5c0-41fa-bd1e-c260df84b32e] Ack server push request, request = ClientDetectionRequest, requestId = 1104
13:58:14:277  WARN 26070 --- [HikariPool-1 housekeeper] com.zaxxer.hikari.pool.HikariPool        : HikariPool-1 - Thread starvation or clock leap detected (housekeeper delta=15m50s662ms).
17:21:47:623  WARN 26070 --- [HikariPool-1 housekeeper] com.zaxxer.hikari.pool.HikariPool        : HikariPool-1 - Thread starvation or clock leap detected (housekeeper delta=54s441ms).
17:31:44:493  WARN 26070 --- [HikariPool-1 housekeeper] com.zaxxer.hikari.pool.HikariPool        : HikariPool-1 - Thread starvation or clock leap detected (housekeeper delta=9m26s878ms).
17:31:44:712  INFO 26070 --- [nacos-grpc-client-executor-27121] com.alibaba.nacos.common.remote.client   : [4839b734-a5c0-41fa-bd1e-c260df84b32e] Receive server push request, request = NotifySubscriberRequest, requestId = 1123
17:31:44:714  INFO 26070 --- [nacos-grpc-client-executor-27121] com.alibaba.nacos.common.remote.client   : [4839b734-a5c0-41fa-bd1e-c260df84b32e] Ack server push request, request = NotifySubscriberRequest, requestId = 1123
17:31:45:762  INFO 26070 --- [nacos-grpc-client-executor-27122] com.alibaba.nacos.common.remote.client   : [4839b734-a5c0-41fa-bd1e-c260df84b32e] Receive server push request, request = NotifySubscriberRequest, requestId = 1127
17:31:45:764  INFO 26070 --- [nacos-grpc-client-executor-27122] com.alibaba.nacos.common.remote.client   : [4839b734-a5c0-41fa-bd1e-c260df84b32e] Ack server push request, request = NotifySubscriberRequest, requestId = 1127
17:49:18:684  WARN 26070 --- [HikariPool-1 housekeeper] com.zaxxer.hikari.pool.HikariPool        : HikariPool-1 - Thread starvation or clock leap detected (housekeeper delta=17m4s181ms).
18:06:07:594  INFO 26070 --- [nacos-grpc-client-executor-25427] com.alibaba.nacos.common.remote.client   : [a0fc148b-c937-4f98-876f-50b4c2b1459d_config-0] Receive server push request, request = ClientDetectionRequest, requestId = 1141
18:06:07:594  INFO 26070 --- [nacos-grpc-client-executor-25427] com.alibaba.nacos.common.remote.client   : [a0fc148b-c937-4f98-876f-50b4c2b1459d_config-0] Ack server push request, request = ClientDetectionRequest, requestId = 1141
18:06:07:691  WARN 26070 --- [HikariPool-1 housekeeper] com.zaxxer.hikari.pool.HikariPool        : HikariPool-1 - Thread starvation or clock leap detected (housekeeper delta=15m18s973ms).
18:06:08:203  INFO 26070 --- [nacos-grpc-client-executor-27163] com.alibaba.nacos.common.remote.client   : [4839b734-a5c0-41fa-bd1e-c260df84b32e] Receive server push request, request = NotifySubscriberRequest, requestId = 1143
18:06:08:206  INFO 26070 --- [nacos-grpc-client-executor-27163] com.alibaba.nacos.common.remote.client   : [4839b734-a5c0-41fa-bd1e-c260df84b32e] Ack server push request, request = NotifySubscriberRequest, requestId = 1143
18:06:09:265  INFO 26070 --- [nacos-grpc-client-executor-27164] com.alibaba.nacos.common.remote.client   : [4839b734-a5c0-41fa-bd1e-c260df84b32e] Receive server push request, request = NotifySubscriberRequest, requestId = 1145
18:06:09:267  INFO 26070 --- [nacos-grpc-client-executor-27164] com.alibaba.nacos.common.remote.client   : [4839b734-a5c0-41fa-bd1e-c260df84b32e] Ack server push request, request = NotifySubscriberRequest, requestId = 1145
18:06:10:220  INFO 26070 --- [nacos-grpc-client-executor-27165] com.alibaba.nacos.common.remote.client   : [4839b734-a5c0-41fa-bd1e-c260df84b32e] Receive server push request, request = NotifySubscriberRequest, requestId = 1149
18:06:10:222  INFO 26070 --- [nacos-grpc-client-executor-27165] com.alibaba.nacos.common.remote.client   : [4839b734-a5c0-41fa-bd1e-c260df84b32e] Ack server push request, request = NotifySubscriberRequest, requestId = 1149
18:22:51:266  WARN 26070 --- [HikariPool-1 housekeeper] com.zaxxer.hikari.pool.HikariPool        : HikariPool-1 - Thread starvation or clock leap detected (housekeeper delta=16m43s575ms).
18:22:51:479  INFO 26070 --- [nacos-grpc-client-executor-27170] com.alibaba.nacos.common.remote.client   : [4839b734-a5c0-41fa-bd1e-c260df84b32e] Receive server push request, request = ClientDetectionRequest, requestId = 1155
18:22:51:479  INFO 26070 --- [nacos-grpc-client-executor-27170] com.alibaba.nacos.common.remote.client   : [4839b734-a5c0-41fa-bd1e-c260df84b32e] Ack server push request, request = ClientDetectionRequest, requestId = 1155
18:22:51:485  INFO 26070 --- [nacos-grpc-client-executor-25436] com.alibaba.nacos.common.remote.client   : [a0fc148b-c937-4f98-876f-50b4c2b1459d_config-0] Receive server push request, request = ClientDetectionRequest, requestId = 1158
18:22:51:485  INFO 26070 --- [nacos-grpc-client-executor-25436] com.alibaba.nacos.common.remote.client   : [a0fc148b-c937-4f98-876f-50b4c2b1459d_config-0] Ack server push request, request = ClientDetectionRequest, requestId = 1158
19:34:52:645  INFO 26070 --- [nacos-grpc-client-executor-27965] com.alibaba.nacos.common.remote.client   : [4839b734-a5c0-41fa-bd1e-c260df84b32e] Receive server push request, request = ClientDetectionRequest, requestId = 1163
19:34:52:646  INFO 26070 --- [nacos-grpc-client-executor-27965] com.alibaba.nacos.common.remote.client   : [4839b734-a5c0-41fa-bd1e-c260df84b32e] Ack server push request, request = ClientDetectionRequest, requestId = 1163
19:34:52:651  INFO 26070 --- [nacos-grpc-client-executor-26172] com.alibaba.nacos.common.remote.client   : [a0fc148b-c937-4f98-876f-50b4c2b1459d_config-0] Receive server push request, request = ClientDetectionRequest, requestId = 1167
19:34:52:651  INFO 26070 --- [nacos-grpc-client-executor-26172] com.alibaba.nacos.common.remote.client   : [a0fc148b-c937-4f98-876f-50b4c2b1459d_config-0] Ack server push request, request = ClientDetectionRequest, requestId = 1167
19:34:53:939  WARN 26070 --- [HikariPool-1 housekeeper] com.zaxxer.hikari.pool.HikariPool        : HikariPool-1 - Thread starvation or clock leap detected (housekeeper delta=11m32s177ms).
19:51:39:439  INFO 26070 --- [nacos-grpc-client-executor-27978] com.alibaba.nacos.common.remote.client   : [4839b734-a5c0-41fa-bd1e-c260df84b32e] Receive server push request, request = ClientDetectionRequest, requestId = 1173
19:51:39:439  INFO 26070 --- [nacos-grpc-client-executor-27978] com.alibaba.nacos.common.remote.client   : [4839b734-a5c0-41fa-bd1e-c260df84b32e] Ack server push request, request = ClientDetectionRequest, requestId = 1173
19:51:39:440  INFO 26070 --- [nacos-grpc-client-executor-26185] com.alibaba.nacos.common.remote.client   : [a0fc148b-c937-4f98-876f-50b4c2b1459d_config-0] Receive server push request, request = ClientDetectionRequest, requestId = 1177
19:51:39:441  INFO 26070 --- [nacos-grpc-client-executor-26185] com.alibaba.nacos.common.remote.client   : [a0fc148b-c937-4f98-876f-50b4c2b1459d_config-0] Ack server push request, request = ClientDetectionRequest, requestId = 1177
19:51:40:542  WARN 26070 --- [HikariPool-1 housekeeper] com.zaxxer.hikari.pool.HikariPool        : HikariPool-1 - Thread starvation or clock leap detected (housekeeper delta=16m16s575ms).
20:06:54:516  INFO 26070 --- [nacos-grpc-client-executor-27991] com.alibaba.nacos.common.remote.client   : [4839b734-a5c0-41fa-bd1e-c260df84b32e] Receive server push request, request = ClientDetectionRequest, requestId = 1183
20:06:54:518  INFO 26070 --- [nacos-grpc-client-executor-27991] com.alibaba.nacos.common.remote.client   : [4839b734-a5c0-41fa-bd1e-c260df84b32e] Ack server push request, request = ClientDetectionRequest, requestId = 1183
20:06:54:523  INFO 26070 --- [nacos-grpc-client-executor-26198] com.alibaba.nacos.common.remote.client   : [a0fc148b-c937-4f98-876f-50b4c2b1459d_config-0] Receive server push request, request = ClientDetectionRequest, requestId = 1187
20:06:54:523  INFO 26070 --- [nacos-grpc-client-executor-26198] com.alibaba.nacos.common.remote.client   : [a0fc148b-c937-4f98-876f-50b4c2b1459d_config-0] Ack server push request, request = ClientDetectionRequest, requestId = 1187
20:06:55:532  WARN 26070 --- [HikariPool-1 housekeeper] com.zaxxer.hikari.pool.HikariPool        : HikariPool-1 - Thread starvation or clock leap detected (housekeeper delta=14m44s998ms).
20:23:08:393  INFO 26070 --- [nacos-grpc-client-executor-28005] com.alibaba.nacos.common.remote.client   : [4839b734-a5c0-41fa-bd1e-c260df84b32e] Receive server push request, request = ClientDetectionRequest, requestId = 1193
20:23:08:395  INFO 26070 --- [nacos-grpc-client-executor-26211] com.alibaba.nacos.common.remote.client   : [a0fc148b-c937-4f98-876f-50b4c2b1459d_config-0] Receive server push request, request = ClientDetectionRequest, requestId = 1197
20:23:08:395  INFO 26070 --- [nacos-grpc-client-executor-26211] com.alibaba.nacos.common.remote.client   : [a0fc148b-c937-4f98-876f-50b4c2b1459d_config-0] Ack server push request, request = ClientDetectionRequest, requestId = 1197
20:23:08:395  INFO 26070 --- [nacos-grpc-client-executor-28005] com.alibaba.nacos.common.remote.client   : [4839b734-a5c0-41fa-bd1e-c260df84b32e] Ack server push request, request = ClientDetectionRequest, requestId = 1193
20:23:08:922  INFO 26070 --- [nacos-grpc-client-executor-28006] com.alibaba.nacos.common.remote.client   : [4839b734-a5c0-41fa-bd1e-c260df84b32e] Receive server push request, request = NotifySubscriberRequest, requestId = 1200
20:23:08:925  INFO 26070 --- [nacos-grpc-client-executor-28006] com.alibaba.nacos.common.remote.client   : [4839b734-a5c0-41fa-bd1e-c260df84b32e] Ack server push request, request = NotifySubscriberRequest, requestId = 1200
20:23:09:333  WARN 26070 --- [HikariPool-1 housekeeper] com.zaxxer.hikari.pool.HikariPool        : HikariPool-1 - Thread starvation or clock leap detected (housekeeper delta=15m43s803ms).
20:23:10:598  INFO 26070 --- [nacos-grpc-client-executor-28007] com.alibaba.nacos.common.remote.client   : [4839b734-a5c0-41fa-bd1e-c260df84b32e] Receive server push request, request = NotifySubscriberRequest, requestId = 1203
20:23:10:600  INFO 26070 --- [nacos-grpc-client-executor-28007] com.alibaba.nacos.common.remote.client   : [4839b734-a5c0-41fa-bd1e-c260df84b32e] Ack server push request, request = NotifySubscriberRequest, requestId = 1203
20:26:10:046  INFO 26070 --- [nacos-grpc-client-executor-28038] com.alibaba.nacos.common.remote.client   : [4839b734-a5c0-41fa-bd1e-c260df84b32e] Receive server push request, request = ClientDetectionRequest, requestId = 1210
20:26:10:047  INFO 26070 --- [nacos-grpc-client-executor-26241] com.alibaba.nacos.common.remote.client   : [a0fc148b-c937-4f98-876f-50b4c2b1459d_config-0] Receive server push request, request = ClientDetectionRequest, requestId = 1213
20:26:10:047  INFO 26070 --- [nacos-grpc-client-executor-26241] com.alibaba.nacos.common.remote.client   : [a0fc148b-c937-4f98-876f-50b4c2b1459d_config-0] Ack server push request, request = ClientDetectionRequest, requestId = 1213
20:26:10:047  INFO 26070 --- [nacos-grpc-client-executor-28038] com.alibaba.nacos.common.remote.client   : [4839b734-a5c0-41fa-bd1e-c260df84b32e] Ack server push request, request = ClientDetectionRequest, requestId = 1210
20:26:10:795  WARN 26070 --- [HikariPool-1 housekeeper] com.zaxxer.hikari.pool.HikariPool        : HikariPool-1 - Thread starvation or clock leap detected (housekeeper delta=1m1s442ms).
20:38:15:875  INFO 26070 --- [nacos-grpc-client-executor-28051] com.alibaba.nacos.common.remote.client   : [4839b734-a5c0-41fa-bd1e-c260df84b32e] Receive server push request, request = ClientDetectionRequest, requestId = 1220
20:38:15:875  INFO 26070 --- [nacos-grpc-client-executor-28051] com.alibaba.nacos.common.remote.client   : [4839b734-a5c0-41fa-bd1e-c260df84b32e] Ack server push request, request = ClientDetectionRequest, requestId = 1220
20:38:15:877  INFO 26070 --- [nacos-grpc-client-executor-26255] com.alibaba.nacos.common.remote.client   : [a0fc148b-c937-4f98-876f-50b4c2b1459d_config-0] Receive server push request, request = ClientDetectionRequest, requestId = 1223
20:38:15:877  INFO 26070 --- [nacos-grpc-client-executor-26255] com.alibaba.nacos.common.remote.client   : [a0fc148b-c937-4f98-876f-50b4c2b1459d_config-0] Ack server push request, request = ClientDetectionRequest, requestId = 1223
20:38:16:524  WARN 26070 --- [HikariPool-1 housekeeper] com.zaxxer.hikari.pool.HikariPool        : HikariPool-1 - Thread starvation or clock leap detected (housekeeper delta=11m35s727ms).
20:41:02:114  INFO 26070 --- [nacos-grpc-client-executor-28057] com.alibaba.nacos.common.remote.client   : [4839b734-a5c0-41fa-bd1e-c260df84b32e] Receive server push request, request = ClientDetectionRequest, requestId = 1230
20:41:02:114  INFO 26070 --- [nacos-grpc-client-executor-28057] com.alibaba.nacos.common.remote.client   : [4839b734-a5c0-41fa-bd1e-c260df84b32e] Ack server push request, request = ClientDetectionRequest, requestId = 1230
20:41:02:115  INFO 26070 --- [nacos-grpc-client-executor-26261] com.alibaba.nacos.common.remote.client   : [a0fc148b-c937-4f98-876f-50b4c2b1459d_config-0] Receive server push request, request = ClientDetectionRequest, requestId = 1233
20:41:02:116  INFO 26070 --- [nacos-grpc-client-executor-26261] com.alibaba.nacos.common.remote.client   : [a0fc148b-c937-4f98-876f-50b4c2b1459d_config-0] Ack server push request, request = ClientDetectionRequest, requestId = 1233
20:41:02:715  WARN 26070 --- [HikariPool-1 housekeeper] com.zaxxer.hikari.pool.HikariPool        : HikariPool-1 - Thread starvation or clock leap detected (housekeeper delta=2m46s191ms).
20:43:18:068  INFO 26070 --- [nacos-grpc-client-executor-28071] com.alibaba.nacos.common.remote.client   : [4839b734-a5c0-41fa-bd1e-c260df84b32e] Receive server push request, request = ClientDetectionRequest, requestId = 1240
20:43:18:069  INFO 26070 --- [nacos-grpc-client-executor-26273] com.alibaba.nacos.common.remote.client   : [a0fc148b-c937-4f98-876f-50b4c2b1459d_config-0] Receive server push request, request = ClientDetectionRequest, requestId = 1243
20:43:18:069  INFO 26070 --- [nacos-grpc-client-executor-28071] com.alibaba.nacos.common.remote.client   : [4839b734-a5c0-41fa-bd1e-c260df84b32e] Ack server push request, request = ClientDetectionRequest, requestId = 1240
20:43:18:069  INFO 26070 --- [nacos-grpc-client-executor-26273] com.alibaba.nacos.common.remote.client   : [a0fc148b-c937-4f98-876f-50b4c2b1459d_config-0] Ack server push request, request = ClientDetectionRequest, requestId = 1243
20:43:18:584  WARN 26070 --- [HikariPool-1 housekeeper] com.zaxxer.hikari.pool.HikariPool        : HikariPool-1 - Thread starvation or clock leap detected (housekeeper delta=1m45s868ms).
20:46:59:330  INFO 26070 --- [nacos-grpc-client-executor-28122] com.alibaba.nacos.common.remote.client   : [4839b734-a5c0-41fa-bd1e-c260df84b32e] Receive server push request, request = NotifySubscriberRequest, requestId = 1246
20:46:59:332  INFO 26070 --- [nacos-grpc-client-executor-28122] com.alibaba.nacos.common.remote.client   : [4839b734-a5c0-41fa-bd1e-c260df84b32e] Ack server push request, request = NotifySubscriberRequest, requestId = 1246
20:47:01:481  INFO 26070 --- [nacos-grpc-client-executor-28123] com.alibaba.nacos.common.remote.client   : [4839b734-a5c0-41fa-bd1e-c260df84b32e] Receive server push request, request = NotifySubscriberRequest, requestId = 1250
20:47:01:482  INFO 26070 --- [nacos-grpc-client-executor-28123] com.alibaba.nacos.common.remote.client   : [4839b734-a5c0-41fa-bd1e-c260df84b32e] Ack server push request, request = NotifySubscriberRequest, requestId = 1250
