00:18:40:228  WARN 5269 --- [Thread-4] c.a.nacos.common.notify.NotifyCenter     : [NotifyCenter] Start destroying Publisher
00:18:40:235  WARN 5269 --- [Thread-4] c.a.nacos.common.notify.NotifyCenter     : [NotifyCenter] Destruction of the end
00:18:40:228  WARN 5269 --- [Thread-7] c.a.n.common.http.HttpClientBeanHolder   : [HttpClientBeanHolder] Start destroying common HttpClient
00:18:40:229  WARN 5276 --- [Thread-4] c.a.nacos.common.notify.NotifyCenter     : [NotifyCenter] Start destroying Publisher
00:18:40:236  WARN 5269 --- [Thread-7] c.a.n.common.http.HttpClientBeanHolder   : [HttpClientBeanHolder] Destruction of the end
00:18:40:230  WARN 5276 --- [Thread-7] c.a.n.common.http.HttpClientBeanHolder   : [HttpClientBeanHolder] Start destroying common HttpClient
00:18:40:236  WARN 5276 --- [Thread-4] c.a.nacos.common.notify.NotifyCenter     : [NotifyCenter] Destruction of the end
00:18:40:238  WARN 5276 --- [Thread-7] c.a.n.common.http.HttpClientBeanHolder   : [HttpClientBeanHolder] Destruction of the end
00:18:40:281  INFO 5269 --- [SpringApplicationShutdownHook] c.a.c.n.registry.NacosServiceRegistry    : De-registering from Nacos Server now...
00:18:40:284  INFO 5276 --- [SpringApplicationShutdownHook] c.a.c.n.registry.NacosServiceRegistry    : De-registering from Nacos Server now...
00:18:40:286  INFO 5276 --- [SpringApplicationShutdownHook] c.a.c.n.registry.NacosServiceRegistry    : De-registration finished.
00:18:40:286  INFO 5269 --- [SpringApplicationShutdownHook] c.a.c.n.registry.NacosServiceRegistry    : De-registration finished.
00:18:40:597  INFO 5269 --- [SpringApplicationShutdownHook] com.alibaba.nacos.common.remote.client   : Shutdown rpc client, set status to shutdown
00:18:40:597  INFO 5269 --- [SpringApplicationShutdownHook] com.alibaba.nacos.common.remote.client   : Shutdown client event executor java.util.concurrent.ScheduledThreadPoolExecutor@61e23f8[Running, pool size = 2, active threads = 2, queued tasks = 0, completed tasks = 0]
00:18:40:597  INFO 5269 --- [SpringApplicationShutdownHook] com.alibaba.nacos.common.remote.client   : Close current connection 1745124986100_192.168.65.1_27855
00:18:40:598  INFO 5269 --- [nacos-grpc-client-executor-4994] c.a.n.c.remote.client.grpc.GrpcClient    : [1745124986100_192.168.65.1_27855]Ignore complete event,isRunning:false,isAbandon=false
00:18:40:600  INFO 5269 --- [SpringApplicationShutdownHook] c.a.n.c.remote.client.grpc.GrpcClient    : Shutdown grpc executor java.util.concurrent.ThreadPoolExecutor@2d98e299[Running, pool size = 5, active threads = 0, queued tasks = 0, completed tasks = 4995]
00:18:40:605  INFO 5276 --- [SpringApplicationShutdownHook] com.alibaba.nacos.common.remote.client   : Shutdown rpc client, set status to shutdown
00:18:40:605  INFO 5276 --- [SpringApplicationShutdownHook] com.alibaba.nacos.common.remote.client   : Shutdown client event executor java.util.concurrent.ScheduledThreadPoolExecutor@17c5d38c[Running, pool size = 2, active threads = 2, queued tasks = 0, completed tasks = 0]
00:18:40:605  INFO 5276 --- [SpringApplicationShutdownHook] com.alibaba.nacos.common.remote.client   : Close current connection 1745126448100_192.168.65.1_57653
00:18:40:608  INFO 5276 --- [SpringApplicationShutdownHook] c.a.n.c.remote.client.grpc.GrpcClient    : Shutdown grpc executor java.util.concurrent.ThreadPoolExecutor@63864c1c[Running, pool size = 4, active threads = 0, queued tasks = 0, completed tasks = 5035]
