00:10:31:326  INFO 11949 --- [main] com.ecomm.payment.PaymentApplication     : Starting PaymentApplication using Java 11.0.25 on Zoes-MacBook-Pro.local with PID 11949 (/Users/zoegong/Projects/ecommerce_microservice/eMall/payment-service/target/classes started by zoegong in /Users/zoegong/Projects/ecommerce_microservice/eMall)
00:10:31:326 DEBUG 11949 --- [main] com.ecomm.payment.PaymentApplication     : Running with Spring Boot v2.7.12, Spring v5.3.27
00:10:31:327  INFO 11949 --- [main] com.ecomm.payment.PaymentApplication     : The following 1 profile is active: "dev"
00:10:31:640  INFO 11949 --- [main] .s.d.r.c.RepositoryConfigurationDelegate : Multiple Spring Data modules found, entering strict repository configuration mode
00:10:31:641  INFO 11949 --- [main] .s.d.r.c.RepositoryConfigurationDelegate : Bootstrapping Spring Data Redis repositories in DEFAULT mode.
00:10:31:651  INFO 11949 --- [main] .s.d.r.c.RepositoryConfigurationDelegate : Finished Spring Data repository scanning in 2 ms. Found 0 Redis repository interfaces.
00:10:31:747  INFO 11949 --- [main] o.s.cloud.context.scope.GenericScope     : BeanFactory id=7cd8813f-d279-38fc-8137-4d7e51cf6242
00:10:31:879  INFO 11949 --- [main] o.s.b.w.embedded.tomcat.TomcatWebServer  : Tomcat initialized with port(s): 8087 (http)
00:10:31:882  INFO 11949 --- [main] o.apache.catalina.core.StandardService   : Starting service [Tomcat]
00:10:31:882  INFO 11949 --- [main] org.apache.catalina.core.StandardEngine  : Starting Servlet engine: [Apache Tomcat/9.0.75]
00:10:31:926  INFO 11949 --- [main] o.a.c.c.C.[Tomcat].[localhost].[/]       : Initializing Spring embedded WebApplicationContext
00:10:31:926  INFO 11949 --- [main] w.s.c.ServletWebServerApplicationContext : Root WebApplicationContext: initialization completed in 581 ms
00:10:31:994  INFO 11949 --- [main] o.s.c.openfeign.FeignClientFactoryBean   : For 'user-service' URL not provided. Will try picking an instance via load-balancing.
00:10:31:995  WARN 11949 --- [main] ConfigServletWebServerApplicationContext : Exception encountered during context initialization - cancelling refresh attempt: org.springframework.beans.factory.UnsatisfiedDependencyException: Error creating bean with name 'payController' defined in file [/Users/zoegong/Projects/ecommerce_microservice/eMall/payment-service/target/classes/com/ecomm/payment/controller/PayController.class]: Unsatisfied dependency expressed through constructor parameter 0; nested exception is org.springframework.beans.factory.UnsatisfiedDependencyException: Error creating bean with name 'payOrderServiceImpl' defined in file [/Users/zoegong/Projects/ecommerce_microservice/eMall/payment-service/target/classes/com/ecomm/payment/service/impl/PayOrderServiceImpl.class]: Unsatisfied dependency expressed through constructor parameter 0; nested exception is org.springframework.beans.factory.BeanCreationException: Error creating bean with name 'com.ecomm.api.client.UserClient': Unexpected exception during bean creation; nested exception is java.lang.IllegalStateException: No Feign Client for loadBalancing defined. Did you forget to include spring-cloud-starter-loadbalancer?
00:10:31:996  INFO 11949 --- [main] o.apache.catalina.core.StandardService   : Stopping service [Tomcat]
00:10:32:002  INFO 11949 --- [main] ConditionEvaluationReportLoggingListener : 

Error starting ApplicationContext. To display the conditions report re-run your application with 'debug' enabled.
00:10:32:010 ERROR 11949 --- [main] o.s.boot.SpringApplication               : Application run failed

org.springframework.beans.factory.UnsatisfiedDependencyException: Error creating bean with name 'payController' defined in file [/Users/zoegong/Projects/ecommerce_microservice/eMall/payment-service/target/classes/com/ecomm/payment/controller/PayController.class]: Unsatisfied dependency expressed through constructor parameter 0; nested exception is org.springframework.beans.factory.UnsatisfiedDependencyException: Error creating bean with name 'payOrderServiceImpl' defined in file [/Users/zoegong/Projects/ecommerce_microservice/eMall/payment-service/target/classes/com/ecomm/payment/service/impl/PayOrderServiceImpl.class]: Unsatisfied dependency expressed through constructor parameter 0; nested exception is org.springframework.beans.factory.BeanCreationException: Error creating bean with name 'com.ecomm.api.client.UserClient': Unexpected exception during bean creation; nested exception is java.lang.IllegalStateException: No Feign Client for loadBalancing defined. Did you forget to include spring-cloud-starter-loadbalancer?
	at org.springframework.beans.factory.support.ConstructorResolver.createArgumentArray(ConstructorResolver.java:800) ~[spring-beans-5.3.27.jar:5.3.27]
	at org.springframework.beans.factory.support.ConstructorResolver.autowireConstructor(ConstructorResolver.java:229) ~[spring-beans-5.3.27.jar:5.3.27]
	at org.springframework.beans.factory.support.AbstractAutowireCapableBeanFactory.autowireConstructor(AbstractAutowireCapableBeanFactory.java:1372) ~[spring-beans-5.3.27.jar:5.3.27]
	at org.springframework.beans.factory.support.AbstractAutowireCapableBeanFactory.createBeanInstance(AbstractAutowireCapableBeanFactory.java:1222) ~[spring-beans-5.3.27.jar:5.3.27]
	at org.springframework.beans.factory.support.AbstractAutowireCapableBeanFactory.doCreateBean(AbstractAutowireCapableBeanFactory.java:582) ~[spring-beans-5.3.27.jar:5.3.27]
	at org.springframework.beans.factory.support.AbstractAutowireCapableBeanFactory.createBean(AbstractAutowireCapableBeanFactory.java:542) ~[spring-beans-5.3.27.jar:5.3.27]
	at org.springframework.beans.factory.support.AbstractBeanFactory.lambda$doGetBean$0(AbstractBeanFactory.java:335) ~[spring-beans-5.3.27.jar:5.3.27]
	at org.springframework.beans.factory.support.DefaultSingletonBeanRegistry.getSingleton(DefaultSingletonBeanRegistry.java:234) ~[spring-beans-5.3.27.jar:5.3.27]
	at org.springframework.beans.factory.support.AbstractBeanFactory.doGetBean(AbstractBeanFactory.java:333) ~[spring-beans-5.3.27.jar:5.3.27]
	at org.springframework.beans.factory.support.AbstractBeanFactory.getBean(AbstractBeanFactory.java:208) ~[spring-beans-5.3.27.jar:5.3.27]
	at org.springframework.beans.factory.support.DefaultListableBeanFactory.preInstantiateSingletons(DefaultListableBeanFactory.java:955) ~[spring-beans-5.3.27.jar:5.3.27]
	at org.springframework.context.support.AbstractApplicationContext.finishBeanFactoryInitialization(AbstractApplicationContext.java:920) ~[spring-context-5.3.27.jar:5.3.27]
	at org.springframework.context.support.AbstractApplicationContext.refresh(AbstractApplicationContext.java:583) ~[spring-context-5.3.27.jar:5.3.27]
	at org.springframework.boot.web.servlet.context.ServletWebServerApplicationContext.refresh(ServletWebServerApplicationContext.java:147) ~[spring-boot-2.7.12.jar:2.7.12]
	at org.springframework.boot.SpringApplication.refresh(SpringApplication.java:731) ~[spring-boot-2.7.12.jar:2.7.12]
	at org.springframework.boot.SpringApplication.refreshContext(SpringApplication.java:408) ~[spring-boot-2.7.12.jar:2.7.12]
	at org.springframework.boot.SpringApplication.run(SpringApplication.java:307) ~[spring-boot-2.7.12.jar:2.7.12]
	at org.springframework.boot.SpringApplication.run(SpringApplication.java:1303) ~[spring-boot-2.7.12.jar:2.7.12]
	at org.springframework.boot.SpringApplication.run(SpringApplication.java:1292) ~[spring-boot-2.7.12.jar:2.7.12]
	at com.ecomm.payment.PaymentApplication.main(PaymentApplication.java:14) ~[classes/:na]
Caused by: org.springframework.beans.factory.UnsatisfiedDependencyException: Error creating bean with name 'payOrderServiceImpl' defined in file [/Users/zoegong/Projects/ecommerce_microservice/eMall/payment-service/target/classes/com/ecomm/payment/service/impl/PayOrderServiceImpl.class]: Unsatisfied dependency expressed through constructor parameter 0; nested exception is org.springframework.beans.factory.BeanCreationException: Error creating bean with name 'com.ecomm.api.client.UserClient': Unexpected exception during bean creation; nested exception is java.lang.IllegalStateException: No Feign Client for loadBalancing defined. Did you forget to include spring-cloud-starter-loadbalancer?
	at org.springframework.beans.factory.support.ConstructorResolver.createArgumentArray(ConstructorResolver.java:800) ~[spring-beans-5.3.27.jar:5.3.27]
	at org.springframework.beans.factory.support.ConstructorResolver.autowireConstructor(ConstructorResolver.java:229) ~[spring-beans-5.3.27.jar:5.3.27]
	at org.springframework.beans.factory.support.AbstractAutowireCapableBeanFactory.autowireConstructor(AbstractAutowireCapableBeanFactory.java:1372) ~[spring-beans-5.3.27.jar:5.3.27]
	at org.springframework.beans.factory.support.AbstractAutowireCapableBeanFactory.createBeanInstance(AbstractAutowireCapableBeanFactory.java:1222) ~[spring-beans-5.3.27.jar:5.3.27]
	at org.springframework.beans.factory.support.AbstractAutowireCapableBeanFactory.doCreateBean(AbstractAutowireCapableBeanFactory.java:582) ~[spring-beans-5.3.27.jar:5.3.27]
	at org.springframework.beans.factory.support.AbstractAutowireCapableBeanFactory.createBean(AbstractAutowireCapableBeanFactory.java:542) ~[spring-beans-5.3.27.jar:5.3.27]
	at org.springframework.beans.factory.support.AbstractBeanFactory.lambda$doGetBean$0(AbstractBeanFactory.java:335) ~[spring-beans-5.3.27.jar:5.3.27]
	at org.springframework.beans.factory.support.DefaultSingletonBeanRegistry.getSingleton(DefaultSingletonBeanRegistry.java:234) ~[spring-beans-5.3.27.jar:5.3.27]
	at org.springframework.beans.factory.support.AbstractBeanFactory.doGetBean(AbstractBeanFactory.java:333) ~[spring-beans-5.3.27.jar:5.3.27]
	at org.springframework.beans.factory.support.AbstractBeanFactory.getBean(AbstractBeanFactory.java:208) ~[spring-beans-5.3.27.jar:5.3.27]
	at org.springframework.beans.factory.config.DependencyDescriptor.resolveCandidate(DependencyDescriptor.java:276) ~[spring-beans-5.3.27.jar:5.3.27]
	at org.springframework.beans.factory.support.DefaultListableBeanFactory.doResolveDependency(DefaultListableBeanFactory.java:1391) ~[spring-beans-5.3.27.jar:5.3.27]
	at org.springframework.beans.factory.support.DefaultListableBeanFactory.resolveDependency(DefaultListableBeanFactory.java:1311) ~[spring-beans-5.3.27.jar:5.3.27]
	at org.springframework.beans.factory.support.ConstructorResolver.resolveAutowiredArgument(ConstructorResolver.java:887) ~[spring-beans-5.3.27.jar:5.3.27]
	at org.springframework.beans.factory.support.ConstructorResolver.createArgumentArray(ConstructorResolver.java:791) ~[spring-beans-5.3.27.jar:5.3.27]
	... 19 common frames omitted
Caused by: org.springframework.beans.factory.BeanCreationException: Error creating bean with name 'com.ecomm.api.client.UserClient': Unexpected exception during bean creation; nested exception is java.lang.IllegalStateException: No Feign Client for loadBalancing defined. Did you forget to include spring-cloud-starter-loadbalancer?
	at org.springframework.beans.factory.support.AbstractAutowireCapableBeanFactory.createBean(AbstractAutowireCapableBeanFactory.java:555) ~[spring-beans-5.3.27.jar:5.3.27]
	at org.springframework.beans.factory.support.AbstractBeanFactory.lambda$doGetBean$0(AbstractBeanFactory.java:335) ~[spring-beans-5.3.27.jar:5.3.27]
	at org.springframework.beans.factory.support.DefaultSingletonBeanRegistry.getSingleton(DefaultSingletonBeanRegistry.java:234) ~[spring-beans-5.3.27.jar:5.3.27]
	at org.springframework.beans.factory.support.AbstractBeanFactory.doGetBean(AbstractBeanFactory.java:333) ~[spring-beans-5.3.27.jar:5.3.27]
	at org.springframework.beans.factory.support.AbstractBeanFactory.getBean(AbstractBeanFactory.java:208) ~[spring-beans-5.3.27.jar:5.3.27]
	at org.springframework.beans.factory.config.DependencyDescriptor.resolveCandidate(DependencyDescriptor.java:276) ~[spring-beans-5.3.27.jar:5.3.27]
	at org.springframework.beans.factory.support.DefaultListableBeanFactory.doResolveDependency(DefaultListableBeanFactory.java:1391) ~[spring-beans-5.3.27.jar:5.3.27]
	at org.springframework.beans.factory.support.DefaultListableBeanFactory.resolveDependency(DefaultListableBeanFactory.java:1311) ~[spring-beans-5.3.27.jar:5.3.27]
	at org.springframework.beans.factory.support.ConstructorResolver.resolveAutowiredArgument(ConstructorResolver.java:887) ~[spring-beans-5.3.27.jar:5.3.27]
	at org.springframework.beans.factory.support.ConstructorResolver.createArgumentArray(ConstructorResolver.java:791) ~[spring-beans-5.3.27.jar:5.3.27]
	... 33 common frames omitted
Caused by: java.lang.IllegalStateException: No Feign Client for loadBalancing defined. Did you forget to include spring-cloud-starter-loadbalancer?
	at org.springframework.cloud.openfeign.FeignClientFactoryBean.loadBalance(FeignClientFactoryBean.java:382) ~[spring-cloud-openfeign-core-3.1.3.jar:3.1.3]
	at org.springframework.cloud.openfeign.FeignClientFactoryBean.getTarget(FeignClientFactoryBean.java:427) ~[spring-cloud-openfeign-core-3.1.3.jar:3.1.3]
	at org.springframework.cloud.openfeign.FeignClientFactoryBean.getObject(FeignClientFactoryBean.java:402) ~[spring-cloud-openfeign-core-3.1.3.jar:3.1.3]
	at org.springframework.cloud.openfeign.FeignClientsRegistrar.lambda$registerFeignClient$0(FeignClientsRegistrar.java:235) ~[spring-cloud-openfeign-core-3.1.3.jar:3.1.3]
	at org.springframework.beans.factory.support.AbstractAutowireCapableBeanFactory.obtainFromSupplier(AbstractAutowireCapableBeanFactory.java:1249) ~[spring-beans-5.3.27.jar:5.3.27]
	at org.springframework.beans.factory.support.AbstractAutowireCapableBeanFactory.createBeanInstance(AbstractAutowireCapableBeanFactory.java:1191) ~[spring-beans-5.3.27.jar:5.3.27]
	at org.springframework.beans.factory.support.AbstractAutowireCapableBeanFactory.doCreateBean(AbstractAutowireCapableBeanFactory.java:582) ~[spring-beans-5.3.27.jar:5.3.27]
	at org.springframework.beans.factory.support.AbstractAutowireCapableBeanFactory.createBean(AbstractAutowireCapableBeanFactory.java:542) ~[spring-beans-5.3.27.jar:5.3.27]
	... 42 common frames omitted

00:11:06:519  INFO 12072 --- [main] com.ecomm.payment.PaymentApplication     : Starting PaymentApplication using Java 11.0.25 on Zoes-MacBook-Pro.local with PID 12072 (/Users/zoegong/Projects/ecommerce_microservice/eMall/payment-service/target/classes started by zoegong in /Users/zoegong/Projects/ecommerce_microservice/eMall)
00:11:06:519 DEBUG 12072 --- [main] com.ecomm.payment.PaymentApplication     : Running with Spring Boot v2.7.12, Spring v5.3.27
00:11:06:520  INFO 12072 --- [main] com.ecomm.payment.PaymentApplication     : The following 1 profile is active: "local"
00:11:06:815  INFO 12072 --- [main] .s.d.r.c.RepositoryConfigurationDelegate : Multiple Spring Data modules found, entering strict repository configuration mode
00:11:06:815  INFO 12072 --- [main] .s.d.r.c.RepositoryConfigurationDelegate : Bootstrapping Spring Data Redis repositories in DEFAULT mode.
00:11:06:822  INFO 12072 --- [main] .s.d.r.c.RepositoryConfigurationDelegate : Finished Spring Data repository scanning in 2 ms. Found 0 Redis repository interfaces.
00:11:06:885  INFO 12072 --- [main] o.s.cloud.context.scope.GenericScope     : BeanFactory id=7cd8813f-d279-38fc-8137-4d7e51cf6242
00:11:06:991  INFO 12072 --- [main] o.s.b.w.embedded.tomcat.TomcatWebServer  : Tomcat initialized with port(s): 8087 (http)
00:11:06:993  INFO 12072 --- [main] o.apache.catalina.core.StandardService   : Starting service [Tomcat]
00:11:06:993  INFO 12072 --- [main] org.apache.catalina.core.StandardEngine  : Starting Servlet engine: [Apache Tomcat/9.0.75]
00:11:07:033  INFO 12072 --- [main] o.a.c.c.C.[Tomcat].[localhost].[/]       : Initializing Spring embedded WebApplicationContext
00:11:07:034  INFO 12072 --- [main] w.s.c.ServletWebServerApplicationContext : Root WebApplicationContext: initialization completed in 499 ms
00:11:07:112  INFO 12072 --- [main] o.s.c.openfeign.FeignClientFactoryBean   : For 'user-service' URL not provided. Will try picking an instance via load-balancing.
00:11:07:113  WARN 12072 --- [main] ConfigServletWebServerApplicationContext : Exception encountered during context initialization - cancelling refresh attempt: org.springframework.beans.factory.UnsatisfiedDependencyException: Error creating bean with name 'payController' defined in file [/Users/zoegong/Projects/ecommerce_microservice/eMall/payment-service/target/classes/com/ecomm/payment/controller/PayController.class]: Unsatisfied dependency expressed through constructor parameter 0; nested exception is org.springframework.beans.factory.UnsatisfiedDependencyException: Error creating bean with name 'payOrderServiceImpl' defined in file [/Users/zoegong/Projects/ecommerce_microservice/eMall/payment-service/target/classes/com/ecomm/payment/service/impl/PayOrderServiceImpl.class]: Unsatisfied dependency expressed through constructor parameter 0; nested exception is org.springframework.beans.factory.BeanCreationException: Error creating bean with name 'com.ecomm.api.client.UserClient': Unexpected exception during bean creation; nested exception is java.lang.IllegalStateException: No Feign Client for loadBalancing defined. Did you forget to include spring-cloud-starter-loadbalancer?
00:11:07:114  INFO 12072 --- [main] o.apache.catalina.core.StandardService   : Stopping service [Tomcat]
00:11:07:120  INFO 12072 --- [main] ConditionEvaluationReportLoggingListener : 

Error starting ApplicationContext. To display the conditions report re-run your application with 'debug' enabled.
00:11:07:130 ERROR 12072 --- [main] o.s.boot.SpringApplication               : Application run failed

org.springframework.beans.factory.UnsatisfiedDependencyException: Error creating bean with name 'payController' defined in file [/Users/zoegong/Projects/ecommerce_microservice/eMall/payment-service/target/classes/com/ecomm/payment/controller/PayController.class]: Unsatisfied dependency expressed through constructor parameter 0; nested exception is org.springframework.beans.factory.UnsatisfiedDependencyException: Error creating bean with name 'payOrderServiceImpl' defined in file [/Users/zoegong/Projects/ecommerce_microservice/eMall/payment-service/target/classes/com/ecomm/payment/service/impl/PayOrderServiceImpl.class]: Unsatisfied dependency expressed through constructor parameter 0; nested exception is org.springframework.beans.factory.BeanCreationException: Error creating bean with name 'com.ecomm.api.client.UserClient': Unexpected exception during bean creation; nested exception is java.lang.IllegalStateException: No Feign Client for loadBalancing defined. Did you forget to include spring-cloud-starter-loadbalancer?
	at org.springframework.beans.factory.support.ConstructorResolver.createArgumentArray(ConstructorResolver.java:800) ~[spring-beans-5.3.27.jar:5.3.27]
	at org.springframework.beans.factory.support.ConstructorResolver.autowireConstructor(ConstructorResolver.java:229) ~[spring-beans-5.3.27.jar:5.3.27]
	at org.springframework.beans.factory.support.AbstractAutowireCapableBeanFactory.autowireConstructor(AbstractAutowireCapableBeanFactory.java:1372) ~[spring-beans-5.3.27.jar:5.3.27]
	at org.springframework.beans.factory.support.AbstractAutowireCapableBeanFactory.createBeanInstance(AbstractAutowireCapableBeanFactory.java:1222) ~[spring-beans-5.3.27.jar:5.3.27]
	at org.springframework.beans.factory.support.AbstractAutowireCapableBeanFactory.doCreateBean(AbstractAutowireCapableBeanFactory.java:582) ~[spring-beans-5.3.27.jar:5.3.27]
	at org.springframework.beans.factory.support.AbstractAutowireCapableBeanFactory.createBean(AbstractAutowireCapableBeanFactory.java:542) ~[spring-beans-5.3.27.jar:5.3.27]
	at org.springframework.beans.factory.support.AbstractBeanFactory.lambda$doGetBean$0(AbstractBeanFactory.java:335) ~[spring-beans-5.3.27.jar:5.3.27]
	at org.springframework.beans.factory.support.DefaultSingletonBeanRegistry.getSingleton(DefaultSingletonBeanRegistry.java:234) ~[spring-beans-5.3.27.jar:5.3.27]
	at org.springframework.beans.factory.support.AbstractBeanFactory.doGetBean(AbstractBeanFactory.java:333) ~[spring-beans-5.3.27.jar:5.3.27]
	at org.springframework.beans.factory.support.AbstractBeanFactory.getBean(AbstractBeanFactory.java:208) ~[spring-beans-5.3.27.jar:5.3.27]
	at org.springframework.beans.factory.support.DefaultListableBeanFactory.preInstantiateSingletons(DefaultListableBeanFactory.java:955) ~[spring-beans-5.3.27.jar:5.3.27]
	at org.springframework.context.support.AbstractApplicationContext.finishBeanFactoryInitialization(AbstractApplicationContext.java:920) ~[spring-context-5.3.27.jar:5.3.27]
	at org.springframework.context.support.AbstractApplicationContext.refresh(AbstractApplicationContext.java:583) ~[spring-context-5.3.27.jar:5.3.27]
	at org.springframework.boot.web.servlet.context.ServletWebServerApplicationContext.refresh(ServletWebServerApplicationContext.java:147) ~[spring-boot-2.7.12.jar:2.7.12]
	at org.springframework.boot.SpringApplication.refresh(SpringApplication.java:731) ~[spring-boot-2.7.12.jar:2.7.12]
	at org.springframework.boot.SpringApplication.refreshContext(SpringApplication.java:408) ~[spring-boot-2.7.12.jar:2.7.12]
	at org.springframework.boot.SpringApplication.run(SpringApplication.java:307) ~[spring-boot-2.7.12.jar:2.7.12]
	at org.springframework.boot.SpringApplication.run(SpringApplication.java:1303) ~[spring-boot-2.7.12.jar:2.7.12]
	at org.springframework.boot.SpringApplication.run(SpringApplication.java:1292) ~[spring-boot-2.7.12.jar:2.7.12]
	at com.ecomm.payment.PaymentApplication.main(PaymentApplication.java:14) ~[classes/:na]
Caused by: org.springframework.beans.factory.UnsatisfiedDependencyException: Error creating bean with name 'payOrderServiceImpl' defined in file [/Users/zoegong/Projects/ecommerce_microservice/eMall/payment-service/target/classes/com/ecomm/payment/service/impl/PayOrderServiceImpl.class]: Unsatisfied dependency expressed through constructor parameter 0; nested exception is org.springframework.beans.factory.BeanCreationException: Error creating bean with name 'com.ecomm.api.client.UserClient': Unexpected exception during bean creation; nested exception is java.lang.IllegalStateException: No Feign Client for loadBalancing defined. Did you forget to include spring-cloud-starter-loadbalancer?
	at org.springframework.beans.factory.support.ConstructorResolver.createArgumentArray(ConstructorResolver.java:800) ~[spring-beans-5.3.27.jar:5.3.27]
	at org.springframework.beans.factory.support.ConstructorResolver.autowireConstructor(ConstructorResolver.java:229) ~[spring-beans-5.3.27.jar:5.3.27]
	at org.springframework.beans.factory.support.AbstractAutowireCapableBeanFactory.autowireConstructor(AbstractAutowireCapableBeanFactory.java:1372) ~[spring-beans-5.3.27.jar:5.3.27]
	at org.springframework.beans.factory.support.AbstractAutowireCapableBeanFactory.createBeanInstance(AbstractAutowireCapableBeanFactory.java:1222) ~[spring-beans-5.3.27.jar:5.3.27]
	at org.springframework.beans.factory.support.AbstractAutowireCapableBeanFactory.doCreateBean(AbstractAutowireCapableBeanFactory.java:582) ~[spring-beans-5.3.27.jar:5.3.27]
	at org.springframework.beans.factory.support.AbstractAutowireCapableBeanFactory.createBean(AbstractAutowireCapableBeanFactory.java:542) ~[spring-beans-5.3.27.jar:5.3.27]
	at org.springframework.beans.factory.support.AbstractBeanFactory.lambda$doGetBean$0(AbstractBeanFactory.java:335) ~[spring-beans-5.3.27.jar:5.3.27]
	at org.springframework.beans.factory.support.DefaultSingletonBeanRegistry.getSingleton(DefaultSingletonBeanRegistry.java:234) ~[spring-beans-5.3.27.jar:5.3.27]
	at org.springframework.beans.factory.support.AbstractBeanFactory.doGetBean(AbstractBeanFactory.java:333) ~[spring-beans-5.3.27.jar:5.3.27]
	at org.springframework.beans.factory.support.AbstractBeanFactory.getBean(AbstractBeanFactory.java:208) ~[spring-beans-5.3.27.jar:5.3.27]
	at org.springframework.beans.factory.config.DependencyDescriptor.resolveCandidate(DependencyDescriptor.java:276) ~[spring-beans-5.3.27.jar:5.3.27]
	at org.springframework.beans.factory.support.DefaultListableBeanFactory.doResolveDependency(DefaultListableBeanFactory.java:1391) ~[spring-beans-5.3.27.jar:5.3.27]
	at org.springframework.beans.factory.support.DefaultListableBeanFactory.resolveDependency(DefaultListableBeanFactory.java:1311) ~[spring-beans-5.3.27.jar:5.3.27]
	at org.springframework.beans.factory.support.ConstructorResolver.resolveAutowiredArgument(ConstructorResolver.java:887) ~[spring-beans-5.3.27.jar:5.3.27]
	at org.springframework.beans.factory.support.ConstructorResolver.createArgumentArray(ConstructorResolver.java:791) ~[spring-beans-5.3.27.jar:5.3.27]
	... 19 common frames omitted
Caused by: org.springframework.beans.factory.BeanCreationException: Error creating bean with name 'com.ecomm.api.client.UserClient': Unexpected exception during bean creation; nested exception is java.lang.IllegalStateException: No Feign Client for loadBalancing defined. Did you forget to include spring-cloud-starter-loadbalancer?
	at org.springframework.beans.factory.support.AbstractAutowireCapableBeanFactory.createBean(AbstractAutowireCapableBeanFactory.java:555) ~[spring-beans-5.3.27.jar:5.3.27]
	at org.springframework.beans.factory.support.AbstractBeanFactory.lambda$doGetBean$0(AbstractBeanFactory.java:335) ~[spring-beans-5.3.27.jar:5.3.27]
	at org.springframework.beans.factory.support.DefaultSingletonBeanRegistry.getSingleton(DefaultSingletonBeanRegistry.java:234) ~[spring-beans-5.3.27.jar:5.3.27]
	at org.springframework.beans.factory.support.AbstractBeanFactory.doGetBean(AbstractBeanFactory.java:333) ~[spring-beans-5.3.27.jar:5.3.27]
	at org.springframework.beans.factory.support.AbstractBeanFactory.getBean(AbstractBeanFactory.java:208) ~[spring-beans-5.3.27.jar:5.3.27]
	at org.springframework.beans.factory.config.DependencyDescriptor.resolveCandidate(DependencyDescriptor.java:276) ~[spring-beans-5.3.27.jar:5.3.27]
	at org.springframework.beans.factory.support.DefaultListableBeanFactory.doResolveDependency(DefaultListableBeanFactory.java:1391) ~[spring-beans-5.3.27.jar:5.3.27]
	at org.springframework.beans.factory.support.DefaultListableBeanFactory.resolveDependency(DefaultListableBeanFactory.java:1311) ~[spring-beans-5.3.27.jar:5.3.27]
	at org.springframework.beans.factory.support.ConstructorResolver.resolveAutowiredArgument(ConstructorResolver.java:887) ~[spring-beans-5.3.27.jar:5.3.27]
	at org.springframework.beans.factory.support.ConstructorResolver.createArgumentArray(ConstructorResolver.java:791) ~[spring-beans-5.3.27.jar:5.3.27]
	... 33 common frames omitted
Caused by: java.lang.IllegalStateException: No Feign Client for loadBalancing defined. Did you forget to include spring-cloud-starter-loadbalancer?
	at org.springframework.cloud.openfeign.FeignClientFactoryBean.loadBalance(FeignClientFactoryBean.java:382) ~[spring-cloud-openfeign-core-3.1.3.jar:3.1.3]
	at org.springframework.cloud.openfeign.FeignClientFactoryBean.getTarget(FeignClientFactoryBean.java:427) ~[spring-cloud-openfeign-core-3.1.3.jar:3.1.3]
	at org.springframework.cloud.openfeign.FeignClientFactoryBean.getObject(FeignClientFactoryBean.java:402) ~[spring-cloud-openfeign-core-3.1.3.jar:3.1.3]
	at org.springframework.cloud.openfeign.FeignClientsRegistrar.lambda$registerFeignClient$0(FeignClientsRegistrar.java:235) ~[spring-cloud-openfeign-core-3.1.3.jar:3.1.3]
	at org.springframework.beans.factory.support.AbstractAutowireCapableBeanFactory.obtainFromSupplier(AbstractAutowireCapableBeanFactory.java:1249) ~[spring-beans-5.3.27.jar:5.3.27]
	at org.springframework.beans.factory.support.AbstractAutowireCapableBeanFactory.createBeanInstance(AbstractAutowireCapableBeanFactory.java:1191) ~[spring-beans-5.3.27.jar:5.3.27]
	at org.springframework.beans.factory.support.AbstractAutowireCapableBeanFactory.doCreateBean(AbstractAutowireCapableBeanFactory.java:582) ~[spring-beans-5.3.27.jar:5.3.27]
	at org.springframework.beans.factory.support.AbstractAutowireCapableBeanFactory.createBean(AbstractAutowireCapableBeanFactory.java:542) ~[spring-beans-5.3.27.jar:5.3.27]
	... 42 common frames omitted

00:11:56:331  INFO 12234 --- [main] com.ecomm.payment.PaymentApplication     : Starting PaymentApplication using Java 11.0.25 on Zoes-MacBook-Pro.local with PID 12234 (/Users/zoegong/Projects/ecommerce_microservice/eMall/payment-service/target/classes started by zoegong in /Users/zoegong/Projects/ecommerce_microservice/eMall)
00:11:56:331 DEBUG 12234 --- [main] com.ecomm.payment.PaymentApplication     : Running with Spring Boot v2.7.12, Spring v5.3.27
00:11:56:331  INFO 12234 --- [main] com.ecomm.payment.PaymentApplication     : The following 1 profile is active: "local"
00:11:56:628  INFO 12234 --- [main] .s.d.r.c.RepositoryConfigurationDelegate : Multiple Spring Data modules found, entering strict repository configuration mode
00:11:56:629  INFO 12234 --- [main] .s.d.r.c.RepositoryConfigurationDelegate : Bootstrapping Spring Data Redis repositories in DEFAULT mode.
00:11:56:638  INFO 12234 --- [main] .s.d.r.c.RepositoryConfigurationDelegate : Finished Spring Data repository scanning in 4 ms. Found 0 Redis repository interfaces.
00:11:56:726  INFO 12234 --- [main] o.s.cloud.context.scope.GenericScope     : BeanFactory id=e33a3300-defa-3ebe-9a48-a9233f40f6d0
00:11:56:845  INFO 12234 --- [main] o.s.b.w.embedded.tomcat.TomcatWebServer  : Tomcat initialized with port(s): 8087 (http)
00:11:56:848  INFO 12234 --- [main] o.apache.catalina.core.StandardService   : Starting service [Tomcat]
00:11:56:848  INFO 12234 --- [main] org.apache.catalina.core.StandardEngine  : Starting Servlet engine: [Apache Tomcat/9.0.75]
00:11:56:892  INFO 12234 --- [main] o.a.c.c.C.[Tomcat].[localhost].[/]       : Initializing Spring embedded WebApplicationContext
00:11:56:892  INFO 12234 --- [main] w.s.c.ServletWebServerApplicationContext : Root WebApplicationContext: initialization completed in 547 ms
00:11:56:952  INFO 12234 --- [main] o.s.c.openfeign.FeignClientFactoryBean   : For 'user-service' URL not provided. Will try picking an instance via load-balancing.
00:11:56:968  INFO 12234 --- [main] o.s.c.openfeign.FeignClientFactoryBean   : For 'order-service' URL not provided. Will try picking an instance via load-balancing.
00:11:57:247  INFO 12234 --- [main] pertySourcedRequestMappingHandlerMapping : Mapped URL path [/v2/api-docs] onto method [springfox.documentation.swagger2.web.Swagger2ControllerWebMvc#getDocumentation(String, HttpServletRequest)]
00:11:57:445  INFO 12234 --- [main] com.alibaba.nacos.common.remote.client   : [RpcClientFactory] create a new rpc client of 63ff1ae1-203d-43aa-b1be-d2a52668e139
00:11:57:463  INFO 12234 --- [main] org.reflections.Reflections              : Reflections took 10 ms to scan 1 urls, producing 3 keys and 6 values 
00:11:57:473  INFO 12234 --- [main] org.reflections.Reflections              : Reflections took 5 ms to scan 1 urls, producing 4 keys and 9 values 
00:11:57:478  INFO 12234 --- [main] org.reflections.Reflections              : Reflections took 4 ms to scan 1 urls, producing 3 keys and 10 values 
00:11:57:478  WARN 12234 --- [main] org.reflections.Reflections              : given scan urls are empty. set urls in the configuration
00:11:57:482  INFO 12234 --- [main] org.reflections.Reflections              : Reflections took 3 ms to scan 1 urls, producing 1 keys and 5 values 
00:11:57:487  INFO 12234 --- [main] org.reflections.Reflections              : Reflections took 4 ms to scan 1 urls, producing 1 keys and 7 values 
00:11:57:491  INFO 12234 --- [main] org.reflections.Reflections              : Reflections took 3 ms to scan 1 urls, producing 2 keys and 8 values 
00:11:57:492  WARN 12234 --- [main] org.reflections.Reflections              : given scan urls are empty. set urls in the configuration
00:11:57:492  INFO 12234 --- [main] com.alibaba.nacos.common.remote.client   : [63ff1ae1-203d-43aa-b1be-d2a52668e139] RpcClient init label, labels = {module=naming, source=sdk}
00:11:57:493  INFO 12234 --- [main] com.alibaba.nacos.common.remote.client   : [63ff1ae1-203d-43aa-b1be-d2a52668e139] RpcClient init, ServerListFactory = com.alibaba.nacos.client.naming.core.ServerListManager
00:11:57:493  INFO 12234 --- [main] com.alibaba.nacos.common.remote.client   : [63ff1ae1-203d-43aa-b1be-d2a52668e139] Registry connection listener to current client:com.alibaba.nacos.client.naming.remote.gprc.redo.NamingGrpcRedoService
00:11:57:493  INFO 12234 --- [main] com.alibaba.nacos.common.remote.client   : [63ff1ae1-203d-43aa-b1be-d2a52668e139] Register server push request handler:com.alibaba.nacos.client.naming.remote.gprc.NamingPushRequestHandler
00:11:57:494  INFO 12234 --- [main] com.alibaba.nacos.common.remote.client   : [63ff1ae1-203d-43aa-b1be-d2a52668e139] Try to connect to server on start up, server: {serverIp = '127.0.0.1', server main port = 8848}
00:11:57:809  INFO 12234 --- [main] com.alibaba.nacos.common.remote.client   : [63ff1ae1-203d-43aa-b1be-d2a52668e139] Success to connect to server [127.0.0.1:8848] on start up, connectionId = 1745305917664_192.168.65.1_39848
00:11:57:809  INFO 12234 --- [com.alibaba.nacos.client.remote.worker] com.alibaba.nacos.common.remote.client   : [63ff1ae1-203d-43aa-b1be-d2a52668e139] Notify connected event to listeners.
00:11:57:810  INFO 12234 --- [main] com.alibaba.nacos.common.remote.client   : [63ff1ae1-203d-43aa-b1be-d2a52668e139] Register server push request handler:com.alibaba.nacos.common.remote.client.RpcClient$ConnectResetRequestHandler
00:11:57:811  INFO 12234 --- [main] com.alibaba.nacos.common.remote.client   : [63ff1ae1-203d-43aa-b1be-d2a52668e139] Register server push request handler:com.alibaba.nacos.common.remote.client.RpcClient$$Lambda$1111/0x00000008007de040
00:11:57:858  INFO 12234 --- [main] o.s.b.w.embedded.tomcat.TomcatWebServer  : Tomcat started on port(s): 8087 (http) with context path ''
00:11:57:865  INFO 12234 --- [main] c.a.c.n.registry.NacosServiceRegistry    : nacos registry, DEFAULT_GROUP payment-service 10.0.0.239:8087 register finished
00:11:57:867  INFO 12234 --- [main] d.s.w.p.DocumentationPluginsBootstrapper : Documentation plugins bootstrapped
00:11:57:869  INFO 12234 --- [main] d.s.w.p.DocumentationPluginsBootstrapper : Found 1 custom documentation plugin(s)
00:11:57:877  INFO 12234 --- [main] s.d.s.w.s.ApiListingReferenceScanner     : Scanning for api listing references
00:11:57:908  INFO 12234 --- [main] com.ecomm.payment.PaymentApplication     : Started PaymentApplication in 1.79 seconds (JVM running for 2.025)
00:11:58:386  INFO 12234 --- [nacos-grpc-client-executor-11] com.alibaba.nacos.common.remote.client   : [63ff1ae1-203d-43aa-b1be-d2a52668e139] Receive server push request, request = NotifySubscriberRequest, requestId = 117
00:11:58:387  INFO 12234 --- [nacos-grpc-client-executor-11] com.alibaba.nacos.common.remote.client   : [63ff1ae1-203d-43aa-b1be-d2a52668e139] Ack server push request, request = NotifySubscriberRequest, requestId = 117
00:12:02:684  INFO 12234 --- [http-nio-8087-exec-1] o.a.c.c.C.[Tomcat].[localhost].[/]       : Initializing Spring DispatcherServlet 'dispatcherServlet'
00:12:02:684  INFO 12234 --- [http-nio-8087-exec-1] o.s.web.servlet.DispatcherServlet        : Initializing Servlet 'dispatcherServlet'
00:12:02:686  INFO 12234 --- [http-nio-8087-exec-1] o.s.web.servlet.DispatcherServlet        : Completed initialization in 2 ms
00:15:24:497  WARN 12234 --- [Thread-4] c.a.nacos.common.notify.NotifyCenter     : [NotifyCenter] Start destroying Publisher
00:15:24:497  WARN 12234 --- [Thread-7] c.a.n.common.http.HttpClientBeanHolder   : [HttpClientBeanHolder] Start destroying common HttpClient
00:15:24:499  WARN 12234 --- [Thread-4] c.a.nacos.common.notify.NotifyCenter     : [NotifyCenter] Destruction of the end
00:15:24:500  WARN 12234 --- [Thread-7] c.a.n.common.http.HttpClientBeanHolder   : [HttpClientBeanHolder] Destruction of the end
00:15:24:522  INFO 12234 --- [SpringApplicationShutdownHook] c.a.c.n.registry.NacosServiceRegistry    : De-registering from Nacos Server now...
00:15:24:527  INFO 12234 --- [SpringApplicationShutdownHook] c.a.c.n.registry.NacosServiceRegistry    : De-registration finished.
00:15:24:844  INFO 12234 --- [SpringApplicationShutdownHook] com.alibaba.nacos.common.remote.client   : Shutdown rpc client, set status to shutdown
00:15:24:844  INFO 12234 --- [SpringApplicationShutdownHook] com.alibaba.nacos.common.remote.client   : Shutdown client event executor java.util.concurrent.ScheduledThreadPoolExecutor@b617f16[Running, pool size = 2, active threads = 2, queued tasks = 0, completed tasks = 0]
00:15:24:844  INFO 12234 --- [SpringApplicationShutdownHook] com.alibaba.nacos.common.remote.client   : Close current connection 1745305917664_192.168.65.1_39848
00:15:24:847  INFO 12234 --- [nacos-grpc-client-executor-102] c.a.n.c.remote.client.grpc.GrpcClient    : [1745305917664_192.168.65.1_39848]Ignore complete event,isRunning:false,isAbandon=false
00:15:24:849  INFO 12234 --- [SpringApplicationShutdownHook] c.a.n.c.remote.client.grpc.GrpcClient    : Shutdown grpc executor java.util.concurrent.ThreadPoolExecutor@6d8897c0[Running, pool size = 9, active threads = 0, queued tasks = 0, completed tasks = 103]
00:15:26:641  INFO 12967 --- [main] com.ecomm.payment.PaymentApplication     : Starting PaymentApplication using Java 11.0.25 on Zoes-MacBook-Pro.local with PID 12967 (/Users/zoegong/Projects/ecommerce_microservice/eMall/payment-service/target/classes started by zoegong in /Users/zoegong/Projects/ecommerce_microservice/eMall)
00:15:26:642 DEBUG 12967 --- [main] com.ecomm.payment.PaymentApplication     : Running with Spring Boot v2.7.12, Spring v5.3.27
00:15:26:642  INFO 12967 --- [main] com.ecomm.payment.PaymentApplication     : The following 1 profile is active: "local"
00:15:27:020  INFO 12967 --- [main] .s.d.r.c.RepositoryConfigurationDelegate : Multiple Spring Data modules found, entering strict repository configuration mode
00:15:27:021  INFO 12967 --- [main] .s.d.r.c.RepositoryConfigurationDelegate : Bootstrapping Spring Data Redis repositories in DEFAULT mode.
00:15:27:031  INFO 12967 --- [main] .s.d.r.c.RepositoryConfigurationDelegate : Finished Spring Data repository scanning in 3 ms. Found 0 Redis repository interfaces.
00:15:27:116  INFO 12967 --- [main] o.s.cloud.context.scope.GenericScope     : BeanFactory id=e33a3300-defa-3ebe-9a48-a9233f40f6d0
00:15:27:294  INFO 12967 --- [main] o.s.b.w.embedded.tomcat.TomcatWebServer  : Tomcat initialized with port(s): 8087 (http)
00:15:27:297  INFO 12967 --- [main] o.apache.catalina.core.StandardService   : Starting service [Tomcat]
00:15:27:297  INFO 12967 --- [main] org.apache.catalina.core.StandardEngine  : Starting Servlet engine: [Apache Tomcat/9.0.75]
00:15:27:341  INFO 12967 --- [main] o.a.c.c.C.[Tomcat].[localhost].[/]       : Initializing Spring embedded WebApplicationContext
00:15:27:341  INFO 12967 --- [main] w.s.c.ServletWebServerApplicationContext : Root WebApplicationContext: initialization completed in 685 ms
00:15:27:407  INFO 12967 --- [main] o.s.c.openfeign.FeignClientFactoryBean   : For 'user-service' URL not provided. Will try picking an instance via load-balancing.
00:15:27:424  INFO 12967 --- [main] o.s.c.openfeign.FeignClientFactoryBean   : For 'order-service' URL not provided. Will try picking an instance via load-balancing.
00:15:27:701  INFO 12967 --- [main] pertySourcedRequestMappingHandlerMapping : Mapped URL path [/v2/api-docs] onto method [springfox.documentation.swagger2.web.Swagger2ControllerWebMvc#getDocumentation(String, HttpServletRequest)]
00:15:27:900  INFO 12967 --- [main] com.alibaba.nacos.common.remote.client   : [RpcClientFactory] create a new rpc client of 80ae6125-597c-4b25-9107-f39247c732fc
00:15:27:918  INFO 12967 --- [main] org.reflections.Reflections              : Reflections took 9 ms to scan 1 urls, producing 3 keys and 6 values 
00:15:27:928  INFO 12967 --- [main] org.reflections.Reflections              : Reflections took 4 ms to scan 1 urls, producing 4 keys and 9 values 
00:15:27:933  INFO 12967 --- [main] org.reflections.Reflections              : Reflections took 4 ms to scan 1 urls, producing 3 keys and 10 values 
00:15:27:933  WARN 12967 --- [main] org.reflections.Reflections              : given scan urls are empty. set urls in the configuration
00:15:27:937  INFO 12967 --- [main] org.reflections.Reflections              : Reflections took 3 ms to scan 1 urls, producing 1 keys and 5 values 
00:15:27:941  INFO 12967 --- [main] org.reflections.Reflections              : Reflections took 3 ms to scan 1 urls, producing 1 keys and 7 values 
00:15:27:946  INFO 12967 --- [main] org.reflections.Reflections              : Reflections took 4 ms to scan 1 urls, producing 2 keys and 8 values 
00:15:27:947  WARN 12967 --- [main] org.reflections.Reflections              : given scan urls are empty. set urls in the configuration
00:15:27:947  INFO 12967 --- [main] com.alibaba.nacos.common.remote.client   : [80ae6125-597c-4b25-9107-f39247c732fc] RpcClient init label, labels = {module=naming, source=sdk}
00:15:27:948  INFO 12967 --- [main] com.alibaba.nacos.common.remote.client   : [80ae6125-597c-4b25-9107-f39247c732fc] RpcClient init, ServerListFactory = com.alibaba.nacos.client.naming.core.ServerListManager
00:15:27:948  INFO 12967 --- [main] com.alibaba.nacos.common.remote.client   : [80ae6125-597c-4b25-9107-f39247c732fc] Registry connection listener to current client:com.alibaba.nacos.client.naming.remote.gprc.redo.NamingGrpcRedoService
00:15:27:948  INFO 12967 --- [main] com.alibaba.nacos.common.remote.client   : [80ae6125-597c-4b25-9107-f39247c732fc] Register server push request handler:com.alibaba.nacos.client.naming.remote.gprc.NamingPushRequestHandler
00:15:27:949  INFO 12967 --- [main] com.alibaba.nacos.common.remote.client   : [80ae6125-597c-4b25-9107-f39247c732fc] Try to connect to server on start up, server: {serverIp = '127.0.0.1', server main port = 8848}
00:15:28:254  INFO 12967 --- [main] com.alibaba.nacos.common.remote.client   : [80ae6125-597c-4b25-9107-f39247c732fc] Success to connect to server [127.0.0.1:8848] on start up, connectionId = 1745306128104_192.168.65.1_33830
00:15:28:254  INFO 12967 --- [com.alibaba.nacos.client.remote.worker] com.alibaba.nacos.common.remote.client   : [80ae6125-597c-4b25-9107-f39247c732fc] Notify connected event to listeners.
00:15:28:255  INFO 12967 --- [main] com.alibaba.nacos.common.remote.client   : [80ae6125-597c-4b25-9107-f39247c732fc] Register server push request handler:com.alibaba.nacos.common.remote.client.RpcClient$ConnectResetRequestHandler
00:15:28:255  INFO 12967 --- [main] com.alibaba.nacos.common.remote.client   : [80ae6125-597c-4b25-9107-f39247c732fc] Register server push request handler:com.alibaba.nacos.common.remote.client.RpcClient$$Lambda$1111/0x00000008007bcc40
00:15:28:301  INFO 12967 --- [main] o.s.b.w.embedded.tomcat.TomcatWebServer  : Tomcat started on port(s): 8087 (http) with context path ''
00:15:28:308  INFO 12967 --- [main] c.a.c.n.registry.NacosServiceRegistry    : nacos registry, DEFAULT_GROUP payment-service 10.0.0.239:8087 register finished
00:15:28:310  INFO 12967 --- [main] d.s.w.p.DocumentationPluginsBootstrapper : Documentation plugins bootstrapped
00:15:28:312  INFO 12967 --- [main] d.s.w.p.DocumentationPluginsBootstrapper : Found 1 custom documentation plugin(s)
00:15:28:320  INFO 12967 --- [main] s.d.s.w.s.ApiListingReferenceScanner     : Scanning for api listing references
00:15:28:351  INFO 12967 --- [main] com.ecomm.payment.PaymentApplication     : Started PaymentApplication in 1.92 seconds (JVM running for 2.163)
00:15:28:859  INFO 12967 --- [nacos-grpc-client-executor-11] com.alibaba.nacos.common.remote.client   : [80ae6125-597c-4b25-9107-f39247c732fc] Receive server push request, request = NotifySubscriberRequest, requestId = 118
00:15:28:861  INFO 12967 --- [nacos-grpc-client-executor-11] com.alibaba.nacos.common.remote.client   : [80ae6125-597c-4b25-9107-f39247c732fc] Ack server push request, request = NotifySubscriberRequest, requestId = 118
00:15:42:609  INFO 12967 --- [http-nio-8087-exec-1] o.a.c.c.C.[Tomcat].[localhost].[/]       : Initializing Spring DispatcherServlet 'dispatcherServlet'
00:15:42:610  INFO 12967 --- [http-nio-8087-exec-1] o.s.web.servlet.DispatcherServlet        : Initializing Servlet 'dispatcherServlet'
00:15:42:611  INFO 12967 --- [http-nio-8087-exec-1] o.s.web.servlet.DispatcherServlet        : Completed initialization in 1 ms
00:15:53:217  INFO 12967 --- [http-nio-8087-exec-4] com.zaxxer.hikari.HikariDataSource       : HikariPool-1 - Starting...
00:15:53:353  INFO 12967 --- [http-nio-8087-exec-4] com.zaxxer.hikari.HikariDataSource       : HikariPool-1 - Start completed.
00:15:53:356 DEBUG 12967 --- [http-nio-8087-exec-4] c.e.p.mapper.PayOrderMapper.selectList   : ==>  Preparing: SELECT id,biz_order_no,pay_order_no,biz_user_id,pay_channel_code,amount,pay_type,status,expand_json,result_code,result_msg,pay_success_time,pay_over_time,qr_code_url,create_time,update_time,creater,updater,is_delete FROM pay_order
00:15:53:363 DEBUG 12967 --- [http-nio-8087-exec-4] c.e.p.mapper.PayOrderMapper.selectList   : ==> Parameters: 
00:15:53:373 DEBUG 12967 --- [http-nio-8087-exec-4] c.e.p.mapper.PayOrderMapper.selectList   : <==      Total: 2
00:17:43:276  WARN 12967 --- [Thread-7] c.a.n.common.http.HttpClientBeanHolder   : [HttpClientBeanHolder] Start destroying common HttpClient
00:17:43:276  WARN 12967 --- [Thread-4] c.a.nacos.common.notify.NotifyCenter     : [NotifyCenter] Start destroying Publisher
00:17:43:276  WARN 12967 --- [Thread-4] c.a.nacos.common.notify.NotifyCenter     : [NotifyCenter] Destruction of the end
00:17:43:277  WARN 12967 --- [Thread-7] c.a.n.common.http.HttpClientBeanHolder   : [HttpClientBeanHolder] Destruction of the end
00:17:43:301  INFO 12967 --- [SpringApplicationShutdownHook] c.a.c.n.registry.NacosServiceRegistry    : De-registering from Nacos Server now...
00:17:43:305  INFO 12967 --- [SpringApplicationShutdownHook] c.a.c.n.registry.NacosServiceRegistry    : De-registration finished.
00:17:43:616  INFO 12967 --- [SpringApplicationShutdownHook] com.alibaba.nacos.common.remote.client   : Shutdown rpc client, set status to shutdown
00:17:43:616  INFO 12967 --- [SpringApplicationShutdownHook] com.alibaba.nacos.common.remote.client   : Shutdown client event executor java.util.concurrent.ScheduledThreadPoolExecutor@6bd2f9de[Running, pool size = 2, active threads = 2, queued tasks = 0, completed tasks = 0]
00:17:43:616  INFO 12967 --- [SpringApplicationShutdownHook] com.alibaba.nacos.common.remote.client   : Close current connection 1745306128104_192.168.65.1_33830
00:17:43:618  INFO 12967 --- [nacos-grpc-client-executor-79] c.a.n.c.remote.client.grpc.GrpcClient    : [1745306128104_192.168.65.1_33830]Ignore complete event,isRunning:false,isAbandon=false
00:17:43:619  INFO 12967 --- [SpringApplicationShutdownHook] c.a.n.c.remote.client.grpc.GrpcClient    : Shutdown grpc executor java.util.concurrent.ThreadPoolExecutor@28946743[Running, pool size = 11, active threads = 0, queued tasks = 0, completed tasks = 80]
00:17:43:622  INFO 12967 --- [SpringApplicationShutdownHook] com.zaxxer.hikari.HikariDataSource       : HikariPool-1 - Shutdown initiated...
00:17:43:631  INFO 12967 --- [SpringApplicationShutdownHook] com.zaxxer.hikari.HikariDataSource       : HikariPool-1 - Shutdown completed.
