00:22:04:088  INFO 20176 --- [main] com.ecomm.EMallApplication               : Starting EMallApplication using Java 11.0.25 on Zoes-MacBook-Pro.local with PID 20176 (/Users/zoegong/Projects/ecommerce_microservice/eMall/mall-service/target/classes started by zoegong in /Users/zoegong/Projects/ecommerce_microservice/eMall)
00:22:04:092 DEBUG 20176 --- [main] com.ecomm.EMallApplication               : Running with Spring Boot v2.7.12, Spring v5.3.27
00:22:04:093  INFO 20176 --- [main] com.ecomm.EMallApplication               : The following 1 profile is active: "dev"
00:22:04:597  INFO 20176 --- [main] .s.d.r.c.RepositoryConfigurationDelegate : Multiple Spring Data modules found, entering strict repository configuration mode
00:22:04:598  INFO 20176 --- [main] .s.d.r.c.RepositoryConfigurationDelegate : Bootstrapping Spring Data Redis repositories in DEFAULT mode.
00:22:04:610  INFO 20176 --- [main] .s.d.r.c.RepositoryConfigurationDelegate : Finished Spring Data repository scanning in 5 ms. Found 0 Redis repository interfaces.
00:22:04:887  INFO 20176 --- [main] o.s.b.w.embedded.tomcat.TomcatWebServer  : Tomcat initialized with port(s): 8082 (http)
00:22:04:892  INFO 20176 --- [main] o.apache.catalina.core.StandardService   : Starting service [Tomcat]
00:22:04:893  INFO 20176 --- [main] org.apache.catalina.core.StandardEngine  : Starting Servlet engine: [Apache Tomcat/9.0.75]
00:22:04:958  INFO 20176 --- [main] o.a.c.c.C.[Tomcat].[localhost].[/]       : Initializing Spring embedded WebApplicationContext
00:22:04:958  INFO 20176 --- [main] w.s.c.ServletWebServerApplicationContext : Root WebApplicationContext: initialization completed in 831 ms
00:22:05:818  INFO 20176 --- [main] pertySourcedRequestMappingHandlerMapping : Mapped URL path [/v2/api-docs] onto method [springfox.documentation.swagger2.web.Swagger2ControllerWebMvc#getDocumentation(String, HttpServletRequest)]
00:22:05:981  INFO 20176 --- [main] o.s.b.w.embedded.tomcat.TomcatWebServer  : Tomcat started on port(s): 8082 (http) with context path ''
00:22:05:982  INFO 20176 --- [main] d.s.w.p.DocumentationPluginsBootstrapper : Documentation plugins bootstrapped
00:22:05:984  INFO 20176 --- [main] d.s.w.p.DocumentationPluginsBootstrapper : Found 1 custom documentation plugin(s)
00:22:06:001  INFO 20176 --- [main] s.d.s.w.s.ApiListingReferenceScanner     : Scanning for api listing references
00:22:06:135  INFO 20176 --- [main] com.ecomm.EMallApplication               : Started EMallApplication in 2.386 seconds (JVM running for 2.79)
13:45:37:727  INFO 5297 --- [main] com.ecomm.EMallApplication               : Starting EMallApplication using Java 11.0.25 on Zoes-MacBook-Pro.local with PID 5297 (/Users/zoegong/Projects/ecommerce_microservice/eMall/mall-service/target/classes started by zoegong in /Users/zoegong/Projects/ecommerce_microservice/eMall)
13:45:37:728 DEBUG 5297 --- [main] com.ecomm.EMallApplication               : Running with Spring Boot v2.7.12, Spring v5.3.27
13:45:37:728  INFO 5297 --- [main] com.ecomm.EMallApplication               : The following 1 profile is active: "dev"
13:45:38:033  INFO 5297 --- [main] .s.d.r.c.RepositoryConfigurationDelegate : Multiple Spring Data modules found, entering strict repository configuration mode
13:45:38:034  INFO 5297 --- [main] .s.d.r.c.RepositoryConfigurationDelegate : Bootstrapping Spring Data Redis repositories in DEFAULT mode.
13:45:38:045  INFO 5297 --- [main] .s.d.r.c.RepositoryConfigurationDelegate : Finished Spring Data repository scanning in 5 ms. Found 0 Redis repository interfaces.
13:45:38:230  INFO 5297 --- [main] o.s.b.w.embedded.tomcat.TomcatWebServer  : Tomcat initialized with port(s): 8082 (http)
13:45:38:233  INFO 5297 --- [main] o.apache.catalina.core.StandardService   : Starting service [Tomcat]
13:45:38:233  INFO 5297 --- [main] org.apache.catalina.core.StandardEngine  : Starting Servlet engine: [Apache Tomcat/9.0.75]
13:45:38:275  INFO 5297 --- [main] o.a.c.c.C.[Tomcat].[localhost].[/]       : Initializing Spring embedded WebApplicationContext
13:45:38:275  INFO 5297 --- [main] w.s.c.ServletWebServerApplicationContext : Root WebApplicationContext: initialization completed in 534 ms
13:45:38:837  INFO 5297 --- [main] pertySourcedRequestMappingHandlerMapping : Mapped URL path [/v2/api-docs] onto method [springfox.documentation.swagger2.web.Swagger2ControllerWebMvc#getDocumentation(String, HttpServletRequest)]
13:45:38:957  INFO 5297 --- [main] o.s.b.w.embedded.tomcat.TomcatWebServer  : Tomcat started on port(s): 8082 (http) with context path ''
13:45:38:957  INFO 5297 --- [main] d.s.w.p.DocumentationPluginsBootstrapper : Documentation plugins bootstrapped
13:45:38:958  INFO 5297 --- [main] d.s.w.p.DocumentationPluginsBootstrapper : Found 1 custom documentation plugin(s)
13:45:38:968  INFO 5297 --- [main] s.d.s.w.s.ApiListingReferenceScanner     : Scanning for api listing references
13:45:39:029  INFO 5297 --- [main] com.ecomm.EMallApplication               : Started EMallApplication in 1.439 seconds (JVM running for 1.661)
