00:10:28:516  INFO 38991 --- [nacos-grpc-client-executor-25246] com.alibaba.nacos.common.remote.client   : [12fc4561-34b7-4dd9-a306-95df60592193] Receive server push request, request = ClientDetectionRequest, requestId = 1076
00:10:28:521  INFO 38991 --- [nacos-grpc-client-executor-25246] com.alibaba.nacos.common.remote.client   : [12fc4561-34b7-4dd9-a306-95df60592193] Ack server push request, request = ClientDetectionRequest, requestId = 1076
00:10:36:930  WARN 38991 --- [HikariPool-1 housekeeper] com.zaxxer.hikari.pool.HikariPool        : HikariPool-1 - Thread starvation or clock leap detected (housekeeper delta=3m9s524ms).
00:11:50:394  INFO 38991 --- [nacos-grpc-client-executor-25260] com.alibaba.nacos.common.remote.client   : [12fc4561-34b7-4dd9-a306-95df60592193] Receive server push request, request = ClientDetectionRequest, requestId = 1081
00:11:50:395  INFO 38991 --- [nacos-grpc-client-executor-25260] com.alibaba.nacos.common.remote.client   : [12fc4561-34b7-4dd9-a306-95df60592193] Ack server push request, request = ClientDetectionRequest, requestId = 1081
00:11:58:743  WARN 38991 --- [HikariPool-1 housekeeper] com.zaxxer.hikari.pool.HikariPool        : HikariPool-1 - Thread starvation or clock leap detected (housekeeper delta=51s805ms).
00:28:02:487  INFO 38991 --- [nacos-grpc-client-executor-25268] com.alibaba.nacos.common.remote.client   : [12fc4561-34b7-4dd9-a306-95df60592193] Receive server push request, request = ClientDetectionRequest, requestId = 1086
00:28:02:487  INFO 38991 --- [nacos-grpc-client-executor-25268] com.alibaba.nacos.common.remote.client   : [12fc4561-34b7-4dd9-a306-95df60592193] Ack server push request, request = ClientDetectionRequest, requestId = 1086
00:28:10:857  WARN 38991 --- [HikariPool-1 housekeeper] com.zaxxer.hikari.pool.HikariPool        : HikariPool-1 - Thread starvation or clock leap detected (housekeeper delta=16m12s114ms).
00:31:42:016  INFO 38991 --- [nacos-grpc-client-executor-25301] com.alibaba.nacos.common.remote.client   : [12fc4561-34b7-4dd9-a306-95df60592193] Receive server push request, request = ClientDetectionRequest, requestId = 1100
00:31:42:016  INFO 38991 --- [nacos-grpc-client-executor-25301] com.alibaba.nacos.common.remote.client   : [12fc4561-34b7-4dd9-a306-95df60592193] Ack server push request, request = ClientDetectionRequest, requestId = 1100
00:31:50:228  WARN 38991 --- [HikariPool-1 housekeeper] com.zaxxer.hikari.pool.HikariPool        : HikariPool-1 - Thread starvation or clock leap detected (housekeeper delta=1m39s334ms).
13:58:13:262  INFO 38991 --- [nacos-grpc-client-executor-35300] com.alibaba.nacos.common.remote.client   : [12fc4561-34b7-4dd9-a306-95df60592193] Receive server push request, request = ClientDetectionRequest, requestId = 1108
13:58:13:263  INFO 38991 --- [nacos-grpc-client-executor-35300] com.alibaba.nacos.common.remote.client   : [12fc4561-34b7-4dd9-a306-95df60592193] Ack server push request, request = ClientDetectionRequest, requestId = 1108
13:58:17:837  WARN 38991 --- [HikariPool-1 housekeeper] com.zaxxer.hikari.pool.HikariPool        : HikariPool-1 - Thread starvation or clock leap detected (housekeeper delta=15m50s666ms).
17:21:51:175  WARN 38991 --- [HikariPool-1 housekeeper] com.zaxxer.hikari.pool.HikariPool        : HikariPool-1 - Thread starvation or clock leap detected (housekeeper delta=54s432ms).
17:22:17:249  INFO 38991 --- [nacos-grpc-client-executor-37937] com.alibaba.nacos.common.remote.client   : [12fc4561-34b7-4dd9-a306-95df60592193] Receive server push request, request = ClientDetectionRequest, requestId = 1114
17:22:17:250  INFO 38991 --- [nacos-grpc-client-executor-37937] com.alibaba.nacos.common.remote.client   : [12fc4561-34b7-4dd9-a306-95df60592193] Ack server push request, request = ClientDetectionRequest, requestId = 1114
17:31:44:160  INFO 38991 --- [nacos-grpc-client-executor-37943] com.alibaba.nacos.common.remote.client   : [12fc4561-34b7-4dd9-a306-95df60592193] Receive server push request, request = ClientDetectionRequest, requestId = 1120
17:31:44:161  INFO 38991 --- [nacos-grpc-client-executor-37943] com.alibaba.nacos.common.remote.client   : [12fc4561-34b7-4dd9-a306-95df60592193] Ack server push request, request = ClientDetectionRequest, requestId = 1120
17:31:44:167 ERROR 38991 --- [nacos-grpc-client-executor-37944] c.a.n.c.remote.client.grpc.GrpcClient    : [1746071920813_192.168.65.1_34032]Request stream onCompleted, switch server
17:31:44:168  INFO 38991 --- [com.alibaba.nacos.client.remote.worker] com.alibaba.nacos.common.remote.client   : [12fc4561-34b7-4dd9-a306-95df60592193] Try to reconnect to a new server, server is  not appointed, will choose a random server.
17:31:44:314  INFO 38991 --- [com.alibaba.nacos.client.remote.worker] com.alibaba.nacos.common.remote.client   : [12fc4561-34b7-4dd9-a306-95df60592193] Success to connect a server [localhost:8848], connectionId = 1746145904200_192.168.65.1_61198
17:31:44:315  INFO 38991 --- [com.alibaba.nacos.client.remote.worker] com.alibaba.nacos.common.remote.client   : [12fc4561-34b7-4dd9-a306-95df60592193] Abandon prev connection, server is localhost:8848, connectionId is 1746071920813_192.168.65.1_34032
17:31:44:315  INFO 38991 --- [com.alibaba.nacos.client.remote.worker] com.alibaba.nacos.common.remote.client   : Close current connection 1746071920813_192.168.65.1_34032
17:31:44:315  INFO 38991 --- [com.alibaba.nacos.client.remote.worker] com.alibaba.nacos.common.remote.client   : [12fc4561-34b7-4dd9-a306-95df60592193] Notify disconnected event to listeners
17:31:44:315  INFO 38991 --- [com.alibaba.nacos.client.remote.worker] com.alibaba.nacos.common.remote.client   : [12fc4561-34b7-4dd9-a306-95df60592193] Notify connected event to listeners.
17:31:46:693  INFO 38991 --- [nacos-grpc-client-executor-37952] com.alibaba.nacos.common.remote.client   : [12fc4561-34b7-4dd9-a306-95df60592193] Receive server push request, request = NotifySubscriberRequest, requestId = 1129
17:31:46:694  INFO 38991 --- [nacos-grpc-client-executor-37952] com.alibaba.nacos.common.remote.client   : [12fc4561-34b7-4dd9-a306-95df60592193] Ack server push request, request = NotifySubscriberRequest, requestId = 1129
17:31:48:052  WARN 38991 --- [HikariPool-1 housekeeper] com.zaxxer.hikari.pool.HikariPool        : HikariPool-1 - Thread starvation or clock leap detected (housekeeper delta=9m26s878ms).
17:49:18:460  INFO 38991 --- [nacos-grpc-client-executor-37963] com.alibaba.nacos.common.remote.client   : [12fc4561-34b7-4dd9-a306-95df60592193] Receive server push request, request = ClientDetectionRequest, requestId = 1134
17:49:18:460  INFO 38991 --- [nacos-grpc-client-executor-37963] com.alibaba.nacos.common.remote.client   : [12fc4561-34b7-4dd9-a306-95df60592193] Ack server push request, request = ClientDetectionRequest, requestId = 1134
17:49:22:255  WARN 38991 --- [HikariPool-1 housekeeper] com.zaxxer.hikari.pool.HikariPool        : HikariPool-1 - Thread starvation or clock leap detected (housekeeper delta=17m4s193ms).
18:06:07:594  INFO 38991 --- [nacos-grpc-client-executor-37988] com.alibaba.nacos.common.remote.client   : [12fc4561-34b7-4dd9-a306-95df60592193] Receive server push request, request = ClientDetectionRequest, requestId = 1138
18:06:07:595  INFO 38991 --- [nacos-grpc-client-executor-37988] com.alibaba.nacos.common.remote.client   : [12fc4561-34b7-4dd9-a306-95df60592193] Ack server push request, request = ClientDetectionRequest, requestId = 1138
18:06:11:254  WARN 38991 --- [HikariPool-1 housekeeper] com.zaxxer.hikari.pool.HikariPool        : HikariPool-1 - Thread starvation or clock leap detected (housekeeper delta=15m18s974ms).
18:22:51:480  INFO 38991 --- [nacos-grpc-client-executor-37994] com.alibaba.nacos.common.remote.client   : [12fc4561-34b7-4dd9-a306-95df60592193] Receive server push request, request = ClientDetectionRequest, requestId = 1154
18:22:51:480  INFO 38991 --- [nacos-grpc-client-executor-37994] com.alibaba.nacos.common.remote.client   : [12fc4561-34b7-4dd9-a306-95df60592193] Ack server push request, request = ClientDetectionRequest, requestId = 1154
18:22:54:826  WARN 38991 --- [HikariPool-1 housekeeper] com.zaxxer.hikari.pool.HikariPool        : HikariPool-1 - Thread starvation or clock leap detected (housekeeper delta=16m43s571ms).
19:34:52:646  INFO 38991 --- [nacos-grpc-client-executor-38778] com.alibaba.nacos.common.remote.client   : [12fc4561-34b7-4dd9-a306-95df60592193] Receive server push request, request = ClientDetectionRequest, requestId = 1161
19:34:52:647  INFO 38991 --- [nacos-grpc-client-executor-38778] com.alibaba.nacos.common.remote.client   : [12fc4561-34b7-4dd9-a306-95df60592193] Ack server push request, request = ClientDetectionRequest, requestId = 1161
19:34:57:544  WARN 38991 --- [HikariPool-1 housekeeper] com.zaxxer.hikari.pool.HikariPool        : HikariPool-1 - Thread starvation or clock leap detected (housekeeper delta=11m32s184ms).
19:51:39:439  INFO 38991 --- [nacos-grpc-client-executor-38791] com.alibaba.nacos.common.remote.client   : [12fc4561-34b7-4dd9-a306-95df60592193] Receive server push request, request = ClientDetectionRequest, requestId = 1171
19:51:39:439  INFO 38991 --- [nacos-grpc-client-executor-38791] com.alibaba.nacos.common.remote.client   : [12fc4561-34b7-4dd9-a306-95df60592193] Ack server push request, request = ClientDetectionRequest, requestId = 1171
19:51:44:136  WARN 38991 --- [HikariPool-1 housekeeper] com.zaxxer.hikari.pool.HikariPool        : HikariPool-1 - Thread starvation or clock leap detected (housekeeper delta=16m16s570ms).
20:06:54:518  INFO 38991 --- [nacos-grpc-client-executor-38803] com.alibaba.nacos.common.remote.client   : [12fc4561-34b7-4dd9-a306-95df60592193] Receive server push request, request = ClientDetectionRequest, requestId = 1181
20:06:54:519  INFO 38991 --- [nacos-grpc-client-executor-38803] com.alibaba.nacos.common.remote.client   : [12fc4561-34b7-4dd9-a306-95df60592193] Ack server push request, request = ClientDetectionRequest, requestId = 1181
20:06:59:121  WARN 38991 --- [HikariPool-1 housekeeper] com.zaxxer.hikari.pool.HikariPool        : HikariPool-1 - Thread starvation or clock leap detected (housekeeper delta=14m44s995ms).
20:23:08:393  INFO 38991 --- [nacos-grpc-client-executor-38817] com.alibaba.nacos.common.remote.client   : [12fc4561-34b7-4dd9-a306-95df60592193] Receive server push request, request = ClientDetectionRequest, requestId = 1191
20:23:08:394  INFO 38991 --- [nacos-grpc-client-executor-38817] com.alibaba.nacos.common.remote.client   : [12fc4561-34b7-4dd9-a306-95df60592193] Ack server push request, request = ClientDetectionRequest, requestId = 1191
20:23:12:929  WARN 38991 --- [HikariPool-1 housekeeper] com.zaxxer.hikari.pool.HikariPool        : HikariPool-1 - Thread starvation or clock leap detected (housekeeper delta=15m43s812ms).
20:26:10:046  INFO 38991 --- [nacos-grpc-client-executor-38850] com.alibaba.nacos.common.remote.client   : [12fc4561-34b7-4dd9-a306-95df60592193] Receive server push request, request = ClientDetectionRequest, requestId = 1208
20:26:10:047  INFO 38991 --- [nacos-grpc-client-executor-38850] com.alibaba.nacos.common.remote.client   : [12fc4561-34b7-4dd9-a306-95df60592193] Ack server push request, request = ClientDetectionRequest, requestId = 1208
20:26:14:405  WARN 38991 --- [HikariPool-1 housekeeper] com.zaxxer.hikari.pool.HikariPool        : HikariPool-1 - Thread starvation or clock leap detected (housekeeper delta=1m1s441ms).
20:38:15:875  INFO 38991 --- [nacos-grpc-client-executor-38865] com.alibaba.nacos.common.remote.client   : [12fc4561-34b7-4dd9-a306-95df60592193] Receive server push request, request = ClientDetectionRequest, requestId = 1218
20:38:15:875  INFO 38991 --- [nacos-grpc-client-executor-38865] com.alibaba.nacos.common.remote.client   : [12fc4561-34b7-4dd9-a306-95df60592193] Ack server push request, request = ClientDetectionRequest, requestId = 1218
20:38:20:128  WARN 38991 --- [HikariPool-1 housekeeper] com.zaxxer.hikari.pool.HikariPool        : HikariPool-1 - Thread starvation or clock leap detected (housekeeper delta=11m35s720ms).
20:41:02:114  INFO 38991 --- [nacos-grpc-client-executor-38871] com.alibaba.nacos.common.remote.client   : [12fc4561-34b7-4dd9-a306-95df60592193] Receive server push request, request = ClientDetectionRequest, requestId = 1228
20:41:02:114  INFO 38991 --- [nacos-grpc-client-executor-38871] com.alibaba.nacos.common.remote.client   : [12fc4561-34b7-4dd9-a306-95df60592193] Ack server push request, request = ClientDetectionRequest, requestId = 1228
20:41:06:319  WARN 38991 --- [HikariPool-1 housekeeper] com.zaxxer.hikari.pool.HikariPool        : HikariPool-1 - Thread starvation or clock leap detected (housekeeper delta=2m46s191ms).
20:43:18:066  INFO 38991 --- [nacos-grpc-client-executor-38885] com.alibaba.nacos.common.remote.client   : [12fc4561-34b7-4dd9-a306-95df60592193] Receive server push request, request = ClientDetectionRequest, requestId = 1238
20:43:18:067  INFO 38991 --- [nacos-grpc-client-executor-38885] com.alibaba.nacos.common.remote.client   : [12fc4561-34b7-4dd9-a306-95df60592193] Ack server push request, request = ClientDetectionRequest, requestId = 1238
20:43:22:191  WARN 38991 --- [HikariPool-1 housekeeper] com.zaxxer.hikari.pool.HikariPool        : HikariPool-1 - Thread starvation or clock leap detected (housekeeper delta=1m45s867ms).
